2024-12-24 10:59:54,725 [INFO] Loaded data file: ./202201/1/1.csv
2024-12-24 11:01:35,261 [ERROR] All retries failed for address: 부산광역시 기장군 장안읍 기룡1길 19 혼자거주함
2024-12-24 11:01:35,270 [ERROR] All retries failed for address: 부산광역시 남구 고동골로59번길 49
2024-12-24 11:01:35,270 [ERROR] All retries failed for address: 부산광역시 남구 고동골로59번길 49
2024-12-24 11:01:35,328 [ERROR] All retries failed for address: 부산광역시 수영구 남천서로13번길 13 404
2024-12-24 11:01:35,328 [ERROR] All retries failed for address: 부산광역시 금정구 금샘로 446 312-1401
2024-12-24 11:01:35,328 [ERROR] All retries failed for address: 부산광역시 동래구 삼어로 12 204-1207
2024-12-24 11:01:35,353 [ERROR] All retries failed for address: 부산광역시 수영구 호암로29번길 50 103-1204
2024-12-24 11:01:35,353 [ERROR] All retries failed for address: 부산광역시 남구 지게골로108번길 16
2024-12-24 11:01:35,353 [ERROR] All retries failed for address: 부산광역시 수영구 광남로 51 1-501호
2024-12-24 11:01:35,353 [ERROR] All retries failed for address: 부산광역시 기장군 철마면 중리2길 12-2 가족분
2024-12-24 11:01:35,412 [ERROR] All retries failed for address: 부산광역시 수영구 호암로29번길 50 104-701
2024-12-24 11:01:35,436 [ERROR] All retries failed for address: 부산광역시 해운대구 해운대해변로 117 107-604호
2024-12-24 11:01:35,436 [ERROR] All retries failed for address: 부산 동래구 안남로 79 104-2304
2024-12-24 11:01:35,436 [ERROR] All retries failed for address: 부산광역시 해운대구 좌동순환로433번길 30 102-4204
2024-12-24 11:01:35,436 [ERROR] All retries failed for address: 부산광역시 영도구 조내기로 38 102-1202
2024-12-24 11:01:35,436 [ERROR] All retries failed for address: 부산광역시 남구 오륙도로 85 111-1304
2024-12-24 11:01:35,436 [ERROR] All retries failed for address: 부산광역시 동구 홍곡로 37 107-2201호
2024-12-24 11:01:35,637 [ERROR] All retries failed for address: 부산광역시 영도구 와치로 287 302-1204
2024-12-24 11:01:35,637 [ERROR] All retries failed for address: 부산광역시 부산진구 가야공원로 41 102-2201
2024-12-24 11:01:35,637 [ERROR] All retries failed for address: 부산 해운대구 해운대로 601 b-2008 에이치스위트
2024-12-24 11:01:35,637 [ERROR] All retries failed for address: 부산 부산진구 동평로 352 102-2105
2024-12-24 11:01:35,671 [ERROR] All retries failed for address: 부산광역시 영도구 일산봉로 58 101-1608호
2024-12-24 11:01:35,687 [ERROR] All retries failed for address: 부산광역시 남구 오륙도로 85 102-301
2024-12-24 11:01:35,688 [ERROR] All retries failed for address: 부산광역시 영도구 태종로 702 101-1304
2024-12-24 11:01:35,688 [ERROR] All retries failed for address: 부산광역시 남구 석포로 7 308
2024-12-24 11:01:35,688 [ERROR] All retries failed for address: 부산광역시 남구 고동골로97번길 19-4
2024-12-24 11:01:35,688 [ERROR] All retries failed for address: 부산광역시 사상구 백양대로433번길 9 7통 4반
2024-12-24 11:01:35,688 [ERROR] All retries failed for address: 부산광역시 남구 오륙도로 85 104-3305호
2024-12-24 11:01:35,720 [ERROR] All retries failed for address: 부산광역시 금정구 식물원로 64 113-1303호
2024-12-24 11:01:35,720 [ERROR] All retries failed for address: 부산광역시 연제구 고분로98번길 16 101-1405
2024-12-24 11:01:35,744 [ERROR] All retries failed for address: 부산광역시 남구 우암로 142 1012
2024-12-24 11:01:35,744 [ERROR] All retries failed for address: 부산광역시 해운대구 해운대로 435 110-1902
2024-12-24 11:01:35,744 [ERROR] All retries failed for address: 부산광역시 기장군 철마면 강변길 20 해피케어 공동생활가정
2024-12-24 11:01:35,770 [ERROR] All retries failed for address: 부산광역시 기장군 철마면 강변길 20 해피케어 공동생활가정
2024-12-24 11:01:35,770 [ERROR] All retries failed for address: 부산광역시 사상구 강선로 17 14통 4반
2024-12-24 11:01:35,770 [ERROR] All retries failed for address: 부산광역시 해운대구 해운대로383번길 93 106-1004
2024-12-24 11:01:35,811 [ERROR] All retries failed for address: 부산광역시 기장군 장안읍 하장안길 13 주택1층
2024-12-24 11:01:35,811 [ERROR] All retries failed for address: 부산광역시 기장군 장안읍 신좌천로 7 103-1712
2024-12-24 11:01:35,811 [ERROR] All retries failed for address: 부산광역시 연제구 해맞이로57번길 21 103
2024-12-24 11:01:35,811 [ERROR] All retries failed for address: 부산광역시 부산진구 진사로 85 개금길요양병원입원중
2024-12-24 11:01:35,811 [ERROR] All retries failed for address: 부산광역시 서구 대티로 159 106-1605호
2024-12-24 11:01:35,861 [ERROR] All retries failed for address: 전라남도 진도군 지산면 거제길 8 주택 1층
2024-12-24 11:01:35,861 [ERROR] All retries failed for address: 부산광역시 금정구 동현로16번길 20 A-301호
2024-12-24 11:01:35,895 [ERROR] All retries failed for address: 부산광역시 해운대구 신반송로 102 203-1705
2024-12-24 11:01:35,895 [ERROR] All retries failed for address: 부산광역시 기장군 일광읍 해빛2로 24 106-201 22년3월12일확진 재감염 일관아동병원입원중
2024-12-24 11:01:35,895 [ERROR] All retries failed for address: 부산광역시 수영구 광안해변로 100 216-605
2024-12-24 11:01:35,954 [ERROR] All retries failed for address: 부산광역시 기장군 철마면 마지1길 23 주택 22년7월19일확진 재감염
2024-12-24 11:01:35,954 [ERROR] All retries failed for address: 부산광역시 연제구 고분로112번길 23 102-901호
2024-12-24 11:01:35,954 [ERROR] All retries failed for address: 부산광역시 사하구 다대로568번길 25
2024-12-24 11:01:35,954 [ERROR] All retries failed for address: 부산광역시 영도구 동삼동로 10 101-102호
2024-12-24 11:01:35,986 [ERROR] All retries failed for address: 부산광역시 부산진구 가야대로 450 101동 1504
2024-12-24 11:01:35,986 [ERROR] All retries failed for address: 경상북도 울진군 북면 덕구온천로 328 현지빌 201호
2024-12-24 11:01:35,986 [ERROR] All retries failed for address: 부산 금정구 부산대학로 10 105-802
2024-12-24 11:01:35,986 [ERROR] All retries failed for address: 부산광역시 기장군 일광읍 해빛2로 24 106-201 22년3월12일확진재감염 일관아동병원입원중
2024-12-24 11:01:35,986 [ERROR] All retries failed for address: 부산광역시 금정구 중앙대로1685번길 24 110-2104
2024-12-24 11:01:35,986 [ERROR] All retries failed for address: 부산광역시 해운대구 해운대해변로 8399 경남마리나아파트 106-1503
2024-12-24 11:01:35,986 [ERROR] All retries failed for address: 부산광역시 수영구 광안해변로 100 216-605호
2024-12-24 11:01:36,071 [ERROR] All retries failed for address: 부산 해운대구 마린시티2로 38 1-2802 1동 2802호
2024-12-24 11:01:36,071 [ERROR] All retries failed for address: 부산광역시 해운대구 좌동순환로299번길 11 205-1904
2024-12-24 11:01:36,071 [ERROR] All retries failed for address: 부산광역시 기장군 기장읍 대청로36번길 14 단독주택
2024-12-24 11:01:36,071 [ERROR] All retries failed for address: 부산광역시 해운대구 대천로 187 현재 백병원 입원중
2024-12-24 11:01:36,071 [ERROR] All retries failed for address: 부산광역시 금정구 금강로 225 206-1601
2024-12-24 11:01:36,071 [ERROR] All retries failed for address: 부산광역시 기장군 기장읍 죽성로 197 신앙촌식품 신앙촌내 격리실이있다함
2024-12-24 11:01:36,071 [ERROR] All retries failed for address: 부산 해운대구 중동2로34번길 15 103-4203 103-4203
2024-12-24 11:01:36,128 [ERROR] All retries failed for address: 경상남도 김해시 대동면 성안길 34-10 단독주택
2024-12-24 11:01:36,128 [ERROR] All retries failed for address: 부산광역시 사하구 다대낙조2길 215 102-1801
2024-12-24 11:01:36,128 [ERROR] All retries failed for address: 부산광역시 해운대구 해운대해변로 115 대우마리나3차아파트 306-1006
2024-12-24 11:01:36,146 [ERROR] All retries failed for address: 부산광역시 금정구 중앙대로1629번길 16 1023604
2024-12-24 11:01:36,186 [ERROR] All retries failed for address: 부산광역시 해운대구 신반송로 72 502-105호
2024-12-24 11:01:36,186 [ERROR] All retries failed for address: 부산광역시 해운대구 마린시티2로 33 102-1202
2024-12-24 11:01:36,186 [ERROR] All retries failed for address: 부산광역시 중구 대청로53번길 29 보수동1가 기침 콧물 발열
2024-12-24 11:01:36,186 [ERROR] All retries failed for address: 부산광역시 기장군 일광면 해빛5로 14 대성 103-2301
2024-12-24 11:01:36,186 [ERROR] All retries failed for address: 부산광역시 남구 용호로269번길 29 102-501
2024-12-24 11:01:36,220 [ERROR] All retries failed for address: 부산 해운대구 대천로103번길 47 116-302 대림1차
2024-12-24 11:01:36,220 [ERROR] All retries failed for address: 부산광역시 연제구 법원북로 13 103-1103
2024-12-24 11:01:36,220 [ERROR] All retries failed for address: 부산광역시 해운대구 좌동순환로433번길 30 104-3001
2024-12-24 11:01:36,253 [ERROR] All retries failed for address: 부산광역시 남구 우암로154번길 18 2-246
2024-12-24 11:01:36,271 [ERROR] All retries failed for address: 부산광역시 기장군 일광면 해빛5로 14 대성 103-2301
2024-12-24 11:01:36,271 [ERROR] All retries failed for address: 부산 해운대구 좌동 경남선경아파트 109-1803
2024-12-24 11:01:36,304 [ERROR] All retries failed for address: 부산광역시 사상구 백양대로 879 동원아파트5-901 모라동
2024-12-24 11:01:36,329 [ERROR] All retries failed for address: 부산광역시 해운대구 재송2로74번길 31 8-109
2024-12-24 11:01:36,347 [ERROR] All retries failed for address: 부산광역시 서구 서대신동3가 694-1 협성르네상스 106-1003호
2024-12-24 11:01:36,347 [ERROR] All retries failed for address: 부산광역시 남구 분포로 145 C-405
2024-12-24 11:01:36,347 [ERROR] All retries failed for address: 부산광역시 영도구 신선동2가 남도여중길17 한성빌라502호 rat 5
2024-12-24 11:01:36,386 [ERROR] All retries failed for address: 부산 북구 상학로 36 e편한세상금정산 204-304
2024-12-24 11:01:36,386 [ERROR] All retries failed for address: 부산광역시 북구 만덕대로155번길 42 나-102 인제대학교부산백병원 입원중
2024-12-24 11:01:36,386 [ERROR] All retries failed for address: 부산광역시 부산진구 가야대로679번길166 가야화신1-1506
2024-12-24 11:01:36,411 [ERROR] All retries failed for address: 부산광역시 기장군 기장읍 차성남로41번길 11 헤랜하우스 505호
2024-12-24 11:01:36,411 [ERROR] All retries failed for address: 부산 동래구 아시아드대로195번길 76 무량수 광혜병원 입원중
2024-12-24 11:01:36,411 [ERROR] All retries failed for address: 부산광역시 사상구 감전동 121-117 동아대병원 입원 중 확진
2024-12-24 11:01:36,412 [ERROR] All retries failed for address: 부산 해운대구 해운대로 361 105-502 센텀삼환아파트
2024-12-24 11:01:36,412 [ERROR] All retries failed for address: 부산광역시 남구 분포로 111 131-1206호
2024-12-24 11:01:36,444 [ERROR] All retries failed for address: 부산광역시 사하구 다대로 301 3-601
2024-12-24 11:01:36,446 [ERROR] All retries failed for address: 부산광역시 북구 효열로37번길 22 505동 3030호 고신대학교복음병원 입원중
2024-12-24 11:01:36,493 [ERROR] All retries failed for address: 부산광역시 기장군 기장읍 반송로 1606 B101
2024-12-24 11:01:36,493 [ERROR] All retries failed for address: 부산광역시 기장군 철마면 고촌로28번길 32-1 주택1층
2024-12-24 11:01:36,493 [ERROR] All retries failed for address: 부산광역시 기장군 기장읍 배산로 72 102
2024-12-24 11:01:36,493 [ERROR] All retries failed for address: 부산광역시 연제구 거제천로 233 109-1505
2024-12-24 11:01:36,493 [ERROR] All retries failed for address: 부산광역시 남구 분포로 113 224-1905
2024-12-24 11:01:36,534 [ERROR] All retries failed for address: 부산광역시 기장군 일광면 해빛5로 14 대성베르힐 102동 2502호
2024-12-24 11:01:36,534 [ERROR] All retries failed for address: 부산광역시 강서구 명지오션시티6로 33 407-203
2024-12-24 11:01:36,534 [ERROR] All retries failed for address: 부산광역시 기장군 기장읍 반송로 1606 B101
2024-12-24 11:01:36,559 [ERROR] All retries failed for address: 부산광역시 기장군 장안읍 월내해안길 61 단독주택
2024-12-24 11:01:36,559 [ERROR] All retries failed for address: 부산광역시 남구 용호로269번길 90 1108
2024-12-24 11:01:36,559 [ERROR] All retries failed for address: 부산광역시 수영구 망미번영로24번길 7 12통 1반
2024-12-24 11:01:36,559 [ERROR] All retries failed for address: 부산광역시 기장군 일광면 신평길 30-3 주택
2024-12-24 11:01:36,559 [ERROR] All retries failed for address: 부산 북구 상학로 36 e편한세상금정산 204-304
2024-12-24 11:01:36,596 [ERROR] All retries failed for address: 부산광역시 영도구 봉래동1가 대교로46번길21 대교타운407호 rat 2
2024-12-24 11:01:36,596 [ERROR] All retries failed for address: 부산광역시 사상구 백양대로 906 1-507호
2024-12-24 11:01:36,621 [ERROR] All retries failed for address: 부산광역시 영도구 해안산책길 30 109-2505
2024-12-24 11:01:36,621 [ERROR] All retries failed for address: 부산광역시 사상구 엄궁로 142 104-205
2024-12-24 11:01:36,621 [ERROR] All retries failed for address: 부산광역시 사상구 대동로64번길 40 102-1803호
2024-12-24 11:01:36,638 [ERROR] All retries failed for address: 부산광역시 영도구 봉래동1가 대교로46번길21 대교타운407 rat 2
2024-12-24 11:01:36,638 [ERROR] All retries failed for address: 부산광역시 해운대구 반여동 1638 아시아선수촌아파트 119-706
2024-12-24 11:01:36,670 [ERROR] All retries failed for address: 부산광역시 동래구 쇠미로 95
2024-12-24 11:01:36,670 [ERROR] All retries failed for address: 부산광역시 남구 용호로269번길 29 102-1506
2024-12-24 11:01:36,703 [ERROR] All retries failed for address: 부산광역시 기장군 장안읍 못안길 47 온누리요양원 PCR
2024-12-24 11:01:36,703 [ERROR] All retries failed for address: 부산광역시 남구 유엔로 46 104-1102
2024-12-24 11:01:36,703 [ERROR] All retries failed for address: 부산광역시 기장군 정관읍 산단2로 60 510-402
2024-12-24 11:01:36,736 [ERROR] All retries failed for address: 부산광역시 남구 분포로 145 D-3801
2024-12-24 11:01:36,736 [ERROR] All retries failed for address: 부산광역시 기장군 정관읍 용수로 103 주택3층 pcr
2024-12-24 11:01:36,736 [ERROR] All retries failed for address: 부산광역시 기장군 장안읍 못안길 47 온누리요양원 PCR
2024-12-24 11:01:36,736 [ERROR] All retries failed for address: 부산광역시 해운대구 반여동 1638 아시아선수촌아파트 119-706 동아대병원입원중
2024-12-24 11:01:36,736 [ERROR] All retries failed for address: 부산광역시 기장군 기장읍 죽성로 227 기장실버타운 PCR
2024-12-24 11:01:36,736 [ERROR] All retries failed for address: 부산광역시 동래구 사직로 16 202-1302
2024-12-24 11:01:36,770 [ERROR] All retries failed for address: 부산광역시 해운대구 선수촌로21번길 653-1405
2024-12-24 11:01:36,770 [ERROR] All retries failed for address: 부산광역시 기장군 일광면 해빛5로 14 대성 103-2301
2024-12-24 11:01:36,770 [ERROR] All retries failed for address: 부산광역시 해운대구 대천로 205 102-501
2024-12-24 11:01:36,770 [ERROR] All retries failed for address: 부산광역시 기장군 기장읍 기장대로 563 107-101
2024-12-24 11:01:36,819 [ERROR] All retries failed for address: 부산광역시 기장군 기장읍 배산로19번길 22 만화리 산6 pcr1 28
2024-12-24 11:01:36,819 [ERROR] All retries failed for address: 부산광역시 남구 용호로232번길 61 101-507
2024-12-24 11:01:36,819 [ERROR] All retries failed for address: 부산광역시 사상구 모라로192번길 20-21 313-1503
2024-12-24 11:01:36,819 [ERROR] All retries failed for address: 부산광역시 기장군 기장읍 차성동로 21-1 로뎀빌라 404호
2024-12-24 11:01:36,863 [ERROR] All retries failed for address: 부산광역시 기장군 기장읍 연화길 62 주사랑 요양병원
2024-12-24 11:01:36,863 [ERROR] All retries failed for address: 부산광역시 기장군 철마면 백길길 15-4 안쪽 집
2024-12-24 11:01:36,863 [ERROR] All retries failed for address: 부산 해운대구 달맞이길117번가길 191 302B 탑빌라
2024-12-24 11:01:36,863 [ERROR] All retries failed for address: 부산광역시 수영구 수영로545번길 13 303
2024-12-24 11:01:36,894 [ERROR] All retries failed for address: 부산광역시 사상구 백양대로934번길 84 107-1901
2024-12-24 11:01:36,935 [ERROR] All retries failed for address: 부산광역시 사상구 낙동대로1210번길 34 103-2301호
2024-12-24 11:01:36,935 [ERROR] All retries failed for address: 부산 기장군 장안읍 고무마을길 18-24 주택 pcr 22년2월11일확진재감염
2024-12-24 11:01:36,968 [ERROR] All retries failed for address: 부산광역시 해운대구 센텀동로 25 101-2904
2024-12-24 11:01:36,968 [ERROR] All retries failed for address: 부산광역시 수영구 수영로575번길 11 6차 502호
2024-12-24 11:01:36,992 [ERROR] All retries failed for address: 부산광역시 남구 수영로 135 105-2103
2024-12-24 11:01:36,993 [ERROR] All retries failed for address: 부산광역시 동래구 아시아드대로255번길 14 102-1701
2024-12-24 11:01:36,993 [ERROR] All retries failed for address: 부산 해운대구 마린시티2로 33 102-4210
2024-12-24 11:01:36,993 [ERROR] All retries failed for address: 부산광역시 기장군 정관읍 정관중앙로 30 정관세정웰메이드시티 1013호
2024-12-24 11:01:36,993 [ERROR] All retries failed for address: 부산 사상구 백양대로934번길 52-6 101-2206
2024-12-24 11:01:36,993 [ERROR] All retries failed for address: 부산광역시 북구 덕천동 808 주공아파트2단지 205-509 동아대학교 병원 입원중
2024-12-24 11:01:37,035 [ERROR] All retries failed for address: 부산광역시 영도구 영선동4가 186-46 영선동반도보라아파트 109-1101 PCR 동아대학병원 입원
2024-12-24 11:01:37,061 [ERROR] All retries failed for address: 부산광역시 해운대구 반여로 133 108-1104호
2024-12-24 11:01:37,061 [ERROR] All retries failed for address: 부산광역시 남구 신선로 566 309-2102
2024-12-24 11:01:37,062 [ERROR] All retries failed for address: 부산광역시 부산진구 가야대로679번길 166 102-2506
2024-12-24 11:01:37,062 [ERROR] All retries failed for address: 부산광역시 사상구 가야대로284번길 12 5동1109
2024-12-24 11:01:37,103 [ERROR] All retries failed for address: 부산광역시 북구 만덕대로102번가길 44 좋은데이원룸 101호
2024-12-24 11:01:37,103 [ERROR] All retries failed for address: 부산광역시 기장군 기장읍 죽성로 197 연주주택
2024-12-24 11:01:37,128 [ERROR] All retries failed for address: 부산광역시 사상구 백양대로 716 101-510호
2024-12-24 11:01:37,128 [ERROR] All retries failed for address: 부산광역시 해운대구 센텀동로 25 대우월드마크센텀아파트102-1703
2024-12-24 11:01:37,152 [ERROR] All retries failed for address: 부산광역시 기장군 일광면 해빛2로 24 108-2702
2024-12-24 11:01:37,152 [ERROR] All retries failed for address: 부산광역시 기장군 정관읍 곰내길 654-140 주택
2024-12-24 11:01:37,152 [ERROR] All retries failed for address: 부산광역시 남구 이기대공원로26번길 45-3 102-1411
2024-12-24 11:01:37,152 [ERROR] All retries failed for address: 부산 북구 상학로 35 금정산엘에이치뉴웰시티 107-602
2024-12-24 11:01:37,177 [ERROR] All retries failed for address: 부산광역시 기장군 정관읍 정관1로 51 803-903
2024-12-24 11:01:37,177 [ERROR] All retries failed for address: 부산 동래구 쇠미로129번길 62-12 새온천화신동영아파트 105-306 광혜병원 입원 중
2024-12-24 11:01:37,177 [ERROR] All retries failed for address: 부산광역시 사상구 낙동대로1210번길 33 209-801호
2024-12-24 11:01:37,177 [ERROR] All retries failed for address: 부산광역시 사상구 학감대로 62 101-1705
2024-12-24 11:01:37,194 [ERROR] All retries failed for address: 부산광역시 동래구 온천천로339번길 28 110-3204호
2024-12-24 11:01:37,195 [ERROR] All retries failed for address: 부산광역시 영도구 신선동2가 남도여중길17 rat 5
2024-12-24 11:01:37,195 [ERROR] All retries failed for address: 부산광역시 기장군 철마면 강변길 20 해피케어 공동생활가정
2024-12-24 11:01:37,228 [ERROR] All retries failed for address: 부산광역시 사상구 백양대로494번길 10 102-1401
2024-12-24 11:01:37,244 [ERROR] All retries failed for address: 부산광역시 영도구 신선동2가 남도여중길17 rat 5
2024-12-24 11:01:37,244 [ERROR] All retries failed for address: 부산광역시 수영구 수영로545번가길 5 401
2024-12-24 11:01:37,244 [ERROR] All retries failed for address: 부산광역시 기장군 기장읍 반송로 1606 B101
2024-12-24 11:01:37,244 [ERROR] All retries failed for address: 부산광역시 부산진구 거제대로 37 204-101
2024-12-24 11:01:37,277 [ERROR] All retries failed for address: 부산광역시 해운대구 좌동순환로433번길 30 104-3802
2024-12-24 11:01:37,277 [ERROR] All retries failed for address: 부산광역시 남구 고동골로97번길 19-4
2024-12-24 11:01:37,277 [ERROR] All retries failed for address: 부산광역시 해운대구 센텀중앙로 145 104-4704
2024-12-24 11:01:37,294 [ERROR] All retries failed for address: 경상남도 양산시 물금읍 범구4길 26 카네기하우스 201호
2024-12-24 11:01:37,294 [ERROR] All retries failed for address: 부산광역시 사하구 감천로21번길 35 1042108
2024-12-24 11:01:37,294 [ERROR] All retries failed for address: 부산광역시 동래구 쇠미로 95
2024-12-24 11:01:37,319 [ERROR] All retries failed for address: 부산광역시 금정구 금강로 503 804-1002
2024-12-24 11:01:37,319 [ERROR] All retries failed for address: 경기도 가평군 설악면 미사리로 267-177 에이치제이매그놀리아국제병원 입원중
2024-12-24 11:01:37,319 [ERROR] All retries failed for address: 부산광역시 금정구 중앙대로1685번길 2224 경남한신아파트 108동 804호
2024-12-24 11:01:37,319 [ERROR] All retries failed for address: 부산광역시 기장군 장안읍 천산로 63 선양시니어빌리지 pcr1 28
2024-12-24 11:01:37,353 [ERROR] All retries failed for address: 부산광역시 영도구 동삼오션로 30 부산오션시티푸르지오 101동 1005호 pcr 3
2024-12-24 11:01:37,386 [ERROR] All retries failed for address: 부산광역시 수영구 광안해변로 100 312-808
2024-12-24 11:01:37,386 [ERROR] All retries failed for address: 부산광역시 동구 홍곡남로 6 동신탕 3층
2024-12-24 11:01:37,386 [ERROR] All retries failed for address: 부산광역시 수영구 광남로 55 4-201
2024-12-24 11:01:37,386 [ERROR] All retries failed for address: 부산광역시 금정구 남산동 993-14 동아대학교병원 입원중
2024-12-24 11:01:37,386 [ERROR] All retries failed for address: 부산광역시 동래구 복천로5번길 34 104-1305
2024-12-24 11:01:37,387 [ERROR] All retries failed for address: 부산광역시 금정구 동현로 90 107-301
2024-12-24 11:01:37,387 [ERROR] All retries failed for address: 부산광역시 기장군 철마면 강변길 20 해피케어 공동생활가정
2024-12-24 11:01:37,420 [ERROR] All retries failed for address: 부산광역시 영도구 신선동2가 샛별길107 2층 rat 2
2024-12-24 11:01:37,453 [ERROR] All retries failed for address: 부산광역시 동래구 사직북로47번길 30-5 주택 1층
2024-12-24 11:01:37,478 [ERROR] All retries failed for address: 부산광역시 금정구 남산동 993-14 동아대학교병원 입원중
2024-12-24 11:01:37,494 [ERROR] All retries failed for address: 부산광역시 남구 무민사로 19 소아영아재활원
2024-12-24 11:01:37,494 [ERROR] All retries failed for address: 부산광역시 금정구 금강로 502 206-502
2024-12-24 11:01:37,494 [ERROR] All retries failed for address: 부산광역시 사상구 대동로 98 101-801
2024-12-24 11:01:37,494 [ERROR] All retries failed for address: 부산광역시 기장군 기장읍 반송로 1606 지하1층 광명교회
2024-12-24 11:01:37,494 [ERROR] All retries failed for address: 부산광역시 남구 진남로64번길 82 84
2024-12-24 11:01:37,494 [ERROR] All retries failed for address: 부산광역시 기장군 일광면 이동1길 14-1 주택
2024-12-24 11:01:37,535 [ERROR] All retries failed for address: 부산광역시 금정구 금강로 502 206-502
2024-12-24 11:01:37,535 [ERROR] All retries failed for address: 부산광역시 남구 고동골로 29 108-204
2024-12-24 11:01:37,535 [ERROR] All retries failed for address: 부산광역시 사하구 감천로 175 101-1806
2024-12-24 11:01:37,536 [ERROR] All retries failed for address: 부산광역시 남구 분포로 145 B-6302
2024-12-24 11:01:37,577 [ERROR] All retries failed for address: 부산광역시 연제구 배산로33번길 19 해오름빌라 501호
2024-12-24 11:01:37,577 [ERROR] All retries failed for address: 부산광역시 남구 오륙도로 85 101-1402
2024-12-24 11:01:37,577 [ERROR] All retries failed for address: 부산광역시 기장군 기장읍 차성동로122번길 7 402
2024-12-24 11:01:37,577 [ERROR] All retries failed for address: 부산광역시 남구 용호로269번길 29 102-1501호
2024-12-24 11:01:37,618 [ERROR] All retries failed for address: 부산광역시 남구 용호로216번가길 46 101-1201
2024-12-24 11:01:37,618 [ERROR] All retries failed for address: 부산광역시 남구 오륙도로 85 101-1402
2024-12-24 11:01:37,661 [ERROR] All retries failed for address: 부산광역시 해운대구 재반로242번길 21-65 바2층
2024-12-24 11:01:37,661 [ERROR] All retries failed for address: 부산광역시 부산진구 동평로 352 103-1204
2024-12-24 11:01:37,686 [ERROR] All retries failed for address: 부산광역시 부산진구 동평로 352 103-1204
2024-12-24 11:01:37,686 [ERROR] All retries failed for address: 부산광역시 기장군 정관읍 정관1로 51 행복주택 801동 1209호
2024-12-24 11:01:37,686 [ERROR] All retries failed for address: 부산광역시 해운대구 해운대해변로 141 대우마리나2차아파트 205-402
2024-12-24 11:01:37,686 [ERROR] All retries failed for address: 부산 해운대구 센텀3로 26 3009 3009호
2024-12-24 11:01:37,686 [ERROR] All retries failed for address: 부산광역시 해운대구 신반송로 200 1041414
2024-12-24 11:01:37,686 [ERROR] All retries failed for address: 부산광역시 기장군 기장읍 원죽길 5-4 1
2024-12-24 11:01:37,686 [ERROR] All retries failed for address: 부산광역시 해운대구 해운대로 1100 센텀102-506
2024-12-24 11:01:37,719 [ERROR] All retries failed for address: 부산광역시 사상구 주례2동 엘지신주례아파트 107-2302 107-2302 선제검사시양성
2024-12-24 11:01:37,719 [ERROR] All retries failed for address: 부산광역시 기장군 기장읍 기장대로 495 삼영코스모타워 1906호
2024-12-24 11:01:37,812 [ERROR] All retries failed for address: 부산 연제구 연수로 2 힐스테이트연산 1단지 103동 2905호
2024-12-24 11:01:37,812 [ERROR] All retries failed for address: 부산광역시 기장군 정관읍 달산1길 26-1 303
2024-12-24 11:01:37,813 [ERROR] All retries failed for address: 부산광역시 기장군 정관읍 정관5로 116 203
2024-12-24 11:01:37,925 [ERROR] All retries failed for address: 울산광역시 울주군 서생면 진하9길 22-6 상가 주택
2024-12-24 11:02:04,916 [INFO] Loaded data file: ./202201/2/2.csv
2024-12-24 11:02:14,683 [ERROR] All retries failed for address: 경상남도 김해시 상동면 동북로 515-29 하얀대문집
2024-12-24 11:06:06,141 [INFO] Loaded data file: ./202201/1/1.csv
2024-12-24 11:09:21,378 [ERROR] All retries failed for address: 부산광역시 연제구 거제천로 233 109-1505
2024-12-24 11:09:21,388 [ERROR] All retries failed for address: 부산광역시 사상구 백양대로 906 1-507호
2024-12-24 11:09:21,432 [ERROR] All retries failed for address: 부산광역시 남구 용호로269번길 90 1108
2024-12-24 11:09:21,441 [ERROR] All retries failed for address: 부산광역시 사상구 엄궁로 142 104-205
2024-12-24 11:09:21,470 [ERROR] All retries failed for address: 부산광역시 영도구 해안산책길 30 109-2505
2024-12-24 11:09:21,491 [ERROR] All retries failed for address: 부산광역시 남구 유엔로 46 104-1102
2024-12-24 11:09:21,491 [ERROR] All retries failed for address: 부산광역시 해운대구 반여동 1638 아시아선수촌아파트 119-706
2024-12-24 11:09:21,512 [ERROR] All retries failed for address: 부산광역시 사상구 대동로64번길 40 102-1803호
2024-12-24 11:09:21,628 [ERROR] All retries failed for address: 부산광역시 기장군 정관읍 산단2로 60 510-402
2024-12-24 11:09:21,644 [ERROR] All retries failed for address: 부산광역시 해운대구 반여동 1638 아시아선수촌아파트 119-706 동아대병원입원중
2024-12-24 11:09:21,728 [ERROR] All retries failed for address: 부산광역시 기장군 장안읍 못안길 47 온누리요양원 PCR
2024-12-24 11:09:21,740 [ERROR] All retries failed for address: 부산광역시 기장군 장안읍 못안길 47 온누리요양원 PCR
2024-12-24 11:09:21,740 [ERROR] All retries failed for address: 부산 기장군 장안읍 고무마을길 18-24 주택 pcr 22년2월11일확진재감염
2024-12-24 11:09:21,816 [ERROR] All retries failed for address: 부산광역시 동래구 쇠미로 95
2024-12-24 11:09:21,816 [ERROR] All retries failed for address: 부산광역시 남구 용호로269번길 29 102-1506
2024-12-24 11:09:21,857 [ERROR] All retries failed for address: 부산광역시 기장군 기장읍 배산로19번길 22 만화리 산6 pcr1 28
2024-12-24 11:09:21,894 [ERROR] All retries failed for address: 부산광역시 기장군 기장읍 죽성로 227 기장실버타운 PCR
2024-12-24 11:09:21,894 [ERROR] All retries failed for address: 부산광역시 기장군 기장읍 기장대로 563 107-101
2024-12-24 11:09:21,954 [ERROR] All retries failed for address: 부산광역시 남구 분포로 145 D-3801
2024-12-24 11:09:21,970 [ERROR] All retries failed for address: 부산광역시 동래구 사직로 16 202-1302
2024-12-24 11:09:21,970 [ERROR] All retries failed for address: 부산광역시 해운대구 대천로 205 102-501
2024-12-24 11:09:22,070 [ERROR] All retries failed for address: 부산광역시 해운대구 선수촌로21번길 653-1405
2024-12-24 11:09:22,070 [ERROR] All retries failed for address: 부산광역시 기장군 정관읍 용수로 103 주택3층 pcr
2024-12-24 11:09:22,104 [ERROR] All retries failed for address: 부산광역시 기장군 기장읍 차성동로 21-1 로뎀빌라 404호
2024-12-24 11:09:22,128 [ERROR] All retries failed for address: 부산광역시 기장군 철마면 백길길 15-4 안쪽 집
2024-12-24 11:09:22,145 [ERROR] All retries failed for address: 부산광역시 기장군 일광면 해빛5로 14 대성 103-2301
2024-12-24 11:09:22,220 [ERROR] All retries failed for address: 부산광역시 남구 용호로232번길 61 101-507
2024-12-24 11:09:22,237 [ERROR] All retries failed for address: 부산광역시 사상구 모라로192번길 20-21 313-1503
2024-12-24 11:09:22,237 [ERROR] All retries failed for address: 부산광역시 기장군 기장읍 연화길 62 주사랑 요양병원
2024-12-24 11:09:22,305 [ERROR] All retries failed for address: 부산광역시 북구 덕천동 808 주공아파트2단지 205-509 동아대학교 병원 입원중
2024-12-24 11:09:22,305 [ERROR] All retries failed for address: 부산 해운대구 달맞이길117번가길 191 302B 탑빌라
2024-12-24 11:09:22,371 [ERROR] All retries failed for address: 부산광역시 영도구 영선동4가 186-46 영선동반도보라아파트 109-1101 PCR 동아대학병원 입원
2024-12-24 11:09:22,395 [ERROR] All retries failed for address: 부산 사상구 백양대로934번길 52-6 101-2206
2024-12-24 11:09:22,395 [ERROR] All retries failed for address: 부산광역시 사상구 백양대로934번길 84 107-1901
2024-12-24 11:09:22,437 [ERROR] All retries failed for address: 부산 해운대구 마린시티2로 33 102-4210
2024-12-24 11:09:22,437 [ERROR] All retries failed for address: 부산광역시 기장군 정관읍 정관중앙로 30 정관세정웰메이드시티 1013호
2024-12-24 11:09:22,469 [ERROR] All retries failed for address: 부산광역시 동래구 아시아드대로255번길 14 102-1701
2024-12-24 11:09:22,469 [ERROR] All retries failed for address: 부산광역시 사상구 낙동대로1210번길 34 103-2301호
2024-12-24 11:09:22,537 [ERROR] All retries failed for address: 부산광역시 남구 수영로 135 105-2103
2024-12-24 11:09:22,560 [ERROR] All retries failed for address: 부산광역시 수영구 수영로575번길 11 6차 502호
2024-12-24 11:09:22,560 [ERROR] All retries failed for address: 부산광역시 수영구 수영로545번길 13 303
2024-12-24 11:09:22,560 [ERROR] All retries failed for address: 부산광역시 남구 신선로 566 309-2102
2024-12-24 11:09:22,639 [ERROR] All retries failed for address: 부산광역시 기장군 기장읍 죽성로 197 연주주택
2024-12-24 11:09:22,639 [ERROR] All retries failed for address: 부산광역시 해운대구 반여로 133 108-1104호
2024-12-24 11:09:22,639 [ERROR] All retries failed for address: 부산광역시 부산진구 가야대로679번길 166 102-2506
2024-12-24 11:09:22,639 [ERROR] All retries failed for address: 부산광역시 북구 만덕대로102번가길 44 좋은데이원룸 101호
2024-12-24 11:09:22,702 [ERROR] All retries failed for address: 부산 동래구 쇠미로129번길 62-12 새온천화신동영아파트 105-306 광혜병원 입원 중
2024-12-24 11:09:22,702 [ERROR] All retries failed for address: 부산광역시 해운대구 센텀동로 25 101-2904
2024-12-24 11:09:22,773 [ERROR] All retries failed for address: 부산광역시 사상구 가야대로284번길 12 5동1109
2024-12-24 11:09:22,773 [ERROR] All retries failed for address: 부산광역시 남구 이기대공원로26번길 45-3 102-1411
2024-12-24 11:09:22,826 [ERROR] All retries failed for address: 부산 북구 상학로 35 금정산엘에이치뉴웰시티 107-602
2024-12-24 11:09:22,826 [ERROR] All retries failed for address: 부산광역시 사상구 백양대로 716 101-510호
2024-12-24 11:09:22,826 [ERROR] All retries failed for address: 부산광역시 기장군 일광면 해빛2로 24 108-2702
2024-12-24 11:09:22,826 [ERROR] All retries failed for address: 부산광역시 기장군 정관읍 정관1로 51 803-903
2024-12-24 11:09:22,886 [ERROR] All retries failed for address: 부산광역시 해운대구 센텀동로 25 대우월드마크센텀아파트102-1703
2024-12-24 11:09:22,886 [ERROR] All retries failed for address: 부산광역시 사상구 낙동대로1210번길 33 209-801호
2024-12-24 11:09:22,886 [ERROR] All retries failed for address: 부산광역시 사상구 백양대로494번길 10 102-1401
2024-12-24 11:09:22,920 [ERROR] All retries failed for address: 부산광역시 사상구 학감대로 62 101-1705
2024-12-24 11:09:22,920 [ERROR] All retries failed for address: 부산광역시 기장군 정관읍 곰내길 654-140 주택
2024-12-24 11:09:22,969 [ERROR] All retries failed for address: 부산광역시 동래구 온천천로339번길 28 110-3204호
2024-12-24 11:09:23,019 [ERROR] All retries failed for address: 부산광역시 기장군 철마면 강변길 20 해피케어 공동생활가정
2024-12-24 11:09:23,019 [ERROR] All retries failed for address: 부산광역시 해운대구 좌동순환로433번길 30 104-3802
2024-12-24 11:09:23,019 [ERROR] All retries failed for address: 부산광역시 영도구 신선동2가 남도여중길17 rat 5
2024-12-24 11:09:23,019 [ERROR] All retries failed for address: 부산광역시 기장군 기장읍 반송로 1606 B101
2024-12-24 11:09:23,078 [ERROR] All retries failed for address: 부산광역시 영도구 신선동2가 남도여중길17 rat 5
2024-12-24 11:09:23,091 [ERROR] All retries failed for address: 경상남도 양산시 물금읍 범구4길 26 카네기하우스 201호
2024-12-24 11:09:23,118 [ERROR] All retries failed for address: 부산광역시 수영구 수영로545번가길 5 401
2024-12-24 11:09:23,118 [ERROR] All retries failed for address: 부산광역시 부산진구 거제대로 37 204-101
2024-12-24 11:09:23,118 [ERROR] All retries failed for address: 부산광역시 해운대구 센텀중앙로 145 104-4704
2024-12-24 11:09:23,163 [ERROR] All retries failed for address: 부산광역시 동래구 쇠미로 95
2024-12-24 11:09:23,188 [ERROR] All retries failed for address: 부산광역시 금정구 금강로 503 804-1002
2024-12-24 11:09:23,229 [ERROR] All retries failed for address: 부산광역시 영도구 동삼오션로 30 부산오션시티푸르지오 101동 1005호 pcr 3
2024-12-24 11:09:23,245 [ERROR] All retries failed for address: 부산광역시 사하구 감천로21번길 35 1042108
2024-12-24 11:09:23,245 [ERROR] All retries failed for address: 부산광역시 기장군 장안읍 천산로 63 선양시니어빌리지 pcr1 28
2024-12-24 11:09:23,245 [ERROR] All retries failed for address: 경기도 가평군 설악면 미사리로 267-177 에이치제이매그놀리아국제병원 입원중
2024-12-24 11:09:23,287 [ERROR] All retries failed for address: 부산광역시 남구 고동골로97번길 19-4
2024-12-24 11:09:23,328 [ERROR] All retries failed for address: 부산광역시 수영구 광남로 55 4-201
2024-12-24 11:09:23,328 [ERROR] All retries failed for address: 부산광역시 동래구 복천로5번길 34 104-1305
2024-12-24 11:09:23,345 [ERROR] All retries failed for address: 부산광역시 금정구 중앙대로1685번길 2224 경남한신아파트 108동 804호
2024-12-24 11:09:23,370 [ERROR] All retries failed for address: 부산광역시 금정구 동현로 90 107-301
2024-12-24 11:09:23,395 [ERROR] All retries failed for address: 부산광역시 수영구 광안해변로 100 312-808
2024-12-24 11:09:23,395 [ERROR] All retries failed for address: 부산광역시 영도구 신선동2가 샛별길107 2층 rat 2
2024-12-24 11:09:23,461 [ERROR] All retries failed for address: 부산광역시 동구 홍곡남로 6 동신탕 3층
2024-12-24 11:09:23,462 [ERROR] All retries failed for address: 부산광역시 금정구 남산동 993-14 동아대학교병원 입원중
2024-12-24 11:09:23,481 [ERROR] All retries failed for address: 부산광역시 금정구 남산동 993-14 동아대학교병원 입원중
2024-12-24 11:09:23,512 [ERROR] All retries failed for address: 부산광역시 기장군 일광면 이동1길 14-1 주택
2024-12-24 11:09:23,562 [ERROR] All retries failed for address: 부산광역시 남구 무민사로 19 소아영아재활원
2024-12-24 11:09:23,562 [ERROR] All retries failed for address: 부산광역시 기장군 기장읍 반송로 1606 지하1층 광명교회
2024-12-24 11:09:23,562 [ERROR] All retries failed for address: 부산광역시 남구 진남로64번길 82 84
2024-12-24 11:09:23,562 [ERROR] All retries failed for address: 부산광역시 사상구 대동로 98 101-801
2024-12-24 11:09:23,595 [ERROR] All retries failed for address: 부산광역시 기장군 철마면 강변길 20 해피케어 공동생활가정
2024-12-24 11:09:23,612 [ERROR] All retries failed for address: 부산광역시 동래구 사직북로47번길 30-5 주택 1층
2024-12-24 11:09:23,612 [ERROR] All retries failed for address: 부산광역시 금정구 금강로 502 206-502
2024-12-24 11:09:23,612 [ERROR] All retries failed for address: 부산광역시 금정구 금강로 502 206-502
2024-12-24 11:09:23,703 [ERROR] All retries failed for address: 부산광역시 남구 고동골로 29 108-204
2024-12-24 11:09:23,703 [ERROR] All retries failed for address: 부산광역시 사하구 감천로 175 101-1806
2024-12-24 11:09:23,703 [ERROR] All retries failed for address: 부산광역시 남구 분포로 145 B-6302
2024-12-24 11:09:23,794 [ERROR] All retries failed for address: 부산광역시 사상구 주례2동 엘지신주례아파트 107-2302 107-2302 선제검사시양성
2024-12-24 11:09:23,794 [ERROR] All retries failed for address: 부산광역시 기장군 기장읍 차성동로122번길 7 402
2024-12-24 11:09:23,794 [ERROR] All retries failed for address: 부산광역시 기장군 정관읍 정관1로 51 행복주택 801동 1209호
2024-12-24 11:09:23,794 [ERROR] All retries failed for address: 부산광역시 남구 오륙도로 85 101-1402
2024-12-24 11:09:23,794 [ERROR] All retries failed for address: 부산광역시 연제구 배산로33번길 19 해오름빌라 501호
2024-12-24 11:09:23,864 [ERROR] All retries failed for address: 부산광역시 해운대구 재반로242번길 21-65 바2층
2024-12-24 11:09:23,864 [ERROR] All retries failed for address: 부산광역시 남구 용호로216번가길 46 101-1201
2024-12-24 11:09:23,897 [ERROR] All retries failed for address: 부산광역시 남구 용호로269번길 29 102-1501호
2024-12-24 11:09:23,897 [ERROR] All retries failed for address: 부산광역시 남구 오륙도로 85 101-1402
2024-12-24 11:09:23,969 [ERROR] All retries failed for address: 부산 연제구 연수로 2 힐스테이트연산 1단지 103동 2905호
2024-12-24 11:09:23,971 [ERROR] All retries failed for address: 부산광역시 부산진구 동평로 352 103-1204
2024-12-24 11:09:23,971 [ERROR] All retries failed for address: 부산광역시 부산진구 동평로 352 103-1204
2024-12-24 11:09:23,971 [ERROR] All retries failed for address: 부산광역시 해운대구 해운대로 1100 센텀102-506
2024-12-24 11:09:24,022 [ERROR] All retries failed for address: 부산광역시 기장군 기장읍 원죽길 5-4 1
2024-12-24 11:09:24,055 [ERROR] All retries failed for address: 부산광역시 해운대구 신반송로 200 1041414
2024-12-24 11:09:24,073 [ERROR] All retries failed for address: 부산광역시 해운대구 해운대해변로 141 대우마리나2차아파트 205-402
2024-12-24 11:09:24,123 [ERROR] All retries failed for address: 부산 해운대구 센텀3로 26 3009 3009호
2024-12-24 11:09:24,123 [ERROR] All retries failed for address: 부산광역시 기장군 정관읍 정관5로 116 203
2024-12-24 11:09:24,190 [ERROR] All retries failed for address: 부산광역시 기장군 기장읍 기장대로 495 삼영코스모타워 1906호
2024-12-24 11:09:24,190 [ERROR] All retries failed for address: 부산광역시 기장군 장안읍 기룡1길 19 혼자거주함
2024-12-24 11:09:24,228 [ERROR] All retries failed for address: 부산광역시 기장군 정관읍 달산1길 26-1 303
2024-12-24 11:09:24,309 [ERROR] All retries failed for address: 부산광역시 금정구 금샘로 446 312-1401
2024-12-24 11:09:24,309 [ERROR] All retries failed for address: 부산광역시 남구 고동골로59번길 49
2024-12-24 11:09:24,309 [ERROR] All retries failed for address: 부산광역시 남구 고동골로59번길 49
2024-12-24 11:09:24,309 [ERROR] All retries failed for address: 부산광역시 기장군 철마면 중리2길 12-2 가족분
2024-12-24 11:09:24,343 [ERROR] All retries failed for address: 울산광역시 울주군 서생면 진하9길 22-6 상가 주택
2024-12-24 11:09:24,375 [ERROR] All retries failed for address: 부산광역시 수영구 호암로29번길 50 104-701
2024-12-24 11:09:24,375 [ERROR] All retries failed for address: 부산광역시 수영구 남천서로13번길 13 404
2024-12-24 11:09:24,392 [ERROR] All retries failed for address: 부산광역시 동래구 삼어로 12 204-1207
2024-12-24 11:09:24,433 [ERROR] All retries failed for address: 부산 동래구 안남로 79 104-2304
2024-12-24 11:09:24,434 [ERROR] All retries failed for address: 부산광역시 수영구 호암로29번길 50 103-1204
2024-12-24 11:09:24,477 [ERROR] All retries failed for address: 부산광역시 남구 지게골로108번길 16
2024-12-24 11:09:24,477 [ERROR] All retries failed for address: 부산광역시 수영구 광남로 51 1-501호
2024-12-24 11:09:24,528 [ERROR] All retries failed for address: 부산광역시 해운대구 좌동순환로433번길 30 102-4204
2024-12-24 11:09:24,528 [ERROR] All retries failed for address: 부산광역시 해운대구 해운대해변로 117 107-604호
2024-12-24 11:09:24,572 [ERROR] All retries failed for address: 부산광역시 동구 홍곡로 37 107-2201호
2024-12-24 11:09:24,572 [ERROR] All retries failed for address: 부산광역시 부산진구 가야공원로 41 102-2201
2024-12-24 11:09:24,572 [ERROR] All retries failed for address: 부산광역시 남구 오륙도로 85 111-1304
2024-12-24 11:09:24,605 [ERROR] All retries failed for address: 부산광역시 남구 석포로 7 308
2024-12-24 11:09:24,654 [ERROR] All retries failed for address: 부산광역시 영도구 조내기로 38 102-1202
2024-12-24 11:09:24,654 [ERROR] All retries failed for address: 부산광역시 영도구 일산봉로 58 101-1608호
2024-12-24 11:09:24,654 [ERROR] All retries failed for address: 부산광역시 영도구 와치로 287 302-1204
2024-12-24 11:09:24,687 [ERROR] All retries failed for address: 부산광역시 영도구 태종로 702 101-1304
2024-12-24 11:09:24,687 [ERROR] All retries failed for address: 부산광역시 사상구 백양대로433번길 9 7통 4반
2024-12-24 11:09:24,738 [ERROR] All retries failed for address: 부산광역시 기장군 철마면 강변길 20 해피케어 공동생활가정
2024-12-24 11:09:24,782 [ERROR] All retries failed for address: 부산광역시 남구 오륙도로 85 102-301
2024-12-24 11:09:24,782 [ERROR] All retries failed for address: 부산 해운대구 해운대로 601 b-2008 에이치스위트
2024-12-24 11:09:24,782 [ERROR] All retries failed for address: 부산광역시 남구 고동골로97번길 19-4
2024-12-24 11:09:24,823 [ERROR] All retries failed for address: 부산광역시 연제구 고분로98번길 16 101-1405
2024-12-24 11:09:24,823 [ERROR] All retries failed for address: 부산 부산진구 동평로 352 102-2105
2024-12-24 11:09:24,883 [ERROR] All retries failed for address: 부산광역시 해운대구 해운대로383번길 93 106-1004
2024-12-24 11:09:24,899 [ERROR] All retries failed for address: 부산광역시 남구 우암로 142 1012
2024-12-24 11:09:24,899 [ERROR] All retries failed for address: 부산광역시 기장군 철마면 강변길 20 해피케어 공동생활가정
2024-12-24 11:09:24,899 [ERROR] All retries failed for address: 부산광역시 사상구 강선로 17 14통 4반
2024-12-24 11:09:24,936 [ERROR] All retries failed for address: 부산광역시 남구 오륙도로 85 104-3305호
2024-12-24 11:09:24,936 [ERROR] All retries failed for address: 부산광역시 금정구 식물원로 64 113-1303호
2024-12-24 11:09:24,978 [ERROR] All retries failed for address: 부산광역시 해운대구 해운대로 435 110-1902
2024-12-24 11:09:25,027 [ERROR] All retries failed for address: 부산광역시 기장군 장안읍 신좌천로 7 103-1712
2024-12-24 11:09:25,027 [ERROR] All retries failed for address: 부산광역시 기장군 장안읍 하장안길 13 주택1층
2024-12-24 11:09:25,051 [ERROR] All retries failed for address: 부산광역시 연제구 해맞이로57번길 21 103
2024-12-24 11:09:25,068 [ERROR] All retries failed for address: 부산광역시 기장군 일광읍 해빛2로 24 106-201 22년3월12일확진 재감염 일관아동병원입원중
2024-12-24 11:09:25,109 [ERROR] All retries failed for address: 부산광역시 부산진구 진사로 85 개금길요양병원입원중
2024-12-24 11:09:25,119 [ERROR] All retries failed for address: 부산광역시 금정구 동현로16번길 20 A-301호
2024-12-24 11:09:25,161 [ERROR] All retries failed for address: 부산광역시 기장군 일광읍 해빛2로 24 106-201 22년3월12일확진재감염 일관아동병원입원중
2024-12-24 11:09:25,161 [ERROR] All retries failed for address: 부산 금정구 부산대학로 10 105-802
2024-12-24 11:09:25,193 [ERROR] All retries failed for address: 부산광역시 서구 대티로 159 106-1605호
2024-12-24 11:09:25,236 [ERROR] All retries failed for address: 부산광역시 영도구 동삼동로 10 101-102호
2024-12-24 11:09:25,236 [ERROR] All retries failed for address: 전라남도 진도군 지산면 거제길 8 주택 1층
2024-12-24 11:09:25,236 [ERROR] All retries failed for address: 부산광역시 연제구 고분로112번길 23 102-901호
2024-12-24 11:09:25,236 [ERROR] All retries failed for address: 부산광역시 해운대구 신반송로 102 203-1705
2024-12-24 11:09:25,236 [ERROR] All retries failed for address: 부산광역시 기장군 철마면 마지1길 23 주택 22년7월19일확진 재감염
2024-12-24 11:09:25,300 [ERROR] All retries failed for address: 부산광역시 사하구 다대로568번길 25
2024-12-24 11:09:25,349 [ERROR] All retries failed for address: 경상북도 울진군 북면 덕구온천로 328 현지빌 201호
2024-12-24 11:09:25,349 [ERROR] All retries failed for address: 부산광역시 해운대구 해운대해변로 8399 경남마리나아파트 106-1503
2024-12-24 11:09:25,349 [ERROR] All retries failed for address: 부산광역시 수영구 광안해변로 100 216-605
2024-12-24 11:09:25,382 [ERROR] All retries failed for address: 부산광역시 수영구 광안해변로 100 216-605호
2024-12-24 11:09:25,431 [ERROR] All retries failed for address: 부산광역시 부산진구 가야대로 450 101동 1504
2024-12-24 11:09:25,477 [ERROR] All retries failed for address: 부산 해운대구 중동2로34번길 15 103-4203 103-4203
2024-12-24 11:09:25,477 [ERROR] All retries failed for address: 부산광역시 해운대구 좌동순환로299번길 11 205-1904
2024-12-24 11:09:25,477 [ERROR] All retries failed for address: 부산 해운대구 마린시티2로 38 1-2802 1동 2802호
2024-12-24 11:09:25,477 [ERROR] All retries failed for address: 부산광역시 기장군 기장읍 대청로36번길 14 단독주택
2024-12-24 11:09:25,542 [ERROR] All retries failed for address: 부산광역시 기장군 기장읍 죽성로 197 신앙촌식품 신앙촌내 격리실이있다함
2024-12-24 11:09:25,584 [ERROR] All retries failed for address: 부산광역시 금정구 중앙대로1685번길 24 110-2104
2024-12-24 11:09:25,585 [ERROR] All retries failed for address: 부산광역시 해운대구 해운대해변로 115 대우마리나3차아파트 306-1006
2024-12-24 11:09:25,616 [ERROR] All retries failed for address: 부산광역시 중구 대청로53번길 29 보수동1가 기침 콧물 발열
2024-12-24 11:09:25,657 [ERROR] All retries failed for address: 부산광역시 금정구 금강로 225 206-1601
2024-12-24 11:09:25,658 [ERROR] All retries failed for address: 부산 해운대구 좌동 경남선경아파트 109-1803
2024-12-24 11:09:25,658 [ERROR] All retries failed for address: 부산광역시 사하구 다대낙조2길 215 102-1801
2024-12-24 11:09:25,690 [ERROR] All retries failed for address: 부산광역시 해운대구 대천로 187 현재 백병원 입원중
2024-12-24 11:09:25,722 [ERROR] All retries failed for address: 부산광역시 금정구 중앙대로1629번길 16 1023604
2024-12-24 11:09:25,756 [ERROR] All retries failed for address: 경상남도 김해시 대동면 성안길 34-10 단독주택
2024-12-24 11:09:25,783 [ERROR] All retries failed for address: 부산 해운대구 대천로103번길 47 116-302 대림1차
2024-12-24 11:09:25,783 [ERROR] All retries failed for address: 부산광역시 해운대구 마린시티2로 33 102-1202
2024-12-24 11:09:25,783 [ERROR] All retries failed for address: 부산광역시 기장군 일광면 해빛5로 14 대성 103-2301
2024-12-24 11:09:25,817 [ERROR] All retries failed for address: 부산광역시 기장군 일광면 해빛5로 14 대성 103-2301
2024-12-24 11:09:25,866 [ERROR] All retries failed for address: 부산광역시 해운대구 신반송로 72 502-105호
2024-12-24 11:09:25,866 [ERROR] All retries failed for address: 부산광역시 남구 용호로269번길 29 102-501
2024-12-24 11:09:25,866 [ERROR] All retries failed for address: 부산광역시 해운대구 좌동순환로433번길 30 104-3001
2024-12-24 11:09:25,903 [ERROR] All retries failed for address: 부산광역시 연제구 법원북로 13 103-1103
2024-12-24 11:09:25,903 [ERROR] All retries failed for address: 부산광역시 남구 우암로154번길 18 2-246
2024-12-24 11:09:25,945 [ERROR] All retries failed for address: 부산 동래구 아시아드대로195번길 76 무량수 광혜병원 입원중
2024-12-24 11:09:25,977 [ERROR] All retries failed for address: 부산광역시 영도구 신선동2가 남도여중길17 한성빌라502호 rat 5
2024-12-24 11:09:25,978 [ERROR] All retries failed for address: 부산광역시 해운대구 재송2로74번길 31 8-109
2024-12-24 11:09:26,044 [ERROR] All retries failed for address: 부산광역시 북구 만덕대로155번길 42 나-102 인제대학교부산백병원 입원중
2024-12-24 11:09:26,044 [ERROR] All retries failed for address: 부산광역시 부산진구 가야대로679번길166 가야화신1-1506
2024-12-24 11:09:26,044 [ERROR] All retries failed for address: 부산광역시 사상구 백양대로 879 동원아파트5-901 모라동
2024-12-24 11:09:26,077 [ERROR] All retries failed for address: 부산광역시 사상구 감전동 121-117 동아대병원 입원 중 확진
2024-12-24 11:09:26,108 [ERROR] All retries failed for address: 부산광역시 서구 서대신동3가 694-1 협성르네상스 106-1003호
2024-12-24 11:09:26,158 [ERROR] All retries failed for address: 부산광역시 남구 분포로 145 C-405
2024-12-24 11:09:26,207 [ERROR] All retries failed for address: 부산광역시 북구 효열로37번길 22 505동 3030호 고신대학교복음병원 입원중
2024-12-24 11:09:26,207 [ERROR] All retries failed for address: 부산 해운대구 해운대로 361 105-502 센텀삼환아파트
2024-12-24 11:09:26,239 [ERROR] All retries failed for address: 부산 북구 상학로 36 e편한세상금정산 204-304
2024-12-24 11:09:26,239 [ERROR] All retries failed for address: 부산 북구 상학로 36 e편한세상금정산 204-304
2024-12-24 11:09:26,293 [ERROR] All retries failed for address: 부산광역시 기장군 기장읍 차성남로41번길 11 헤랜하우스 505호
2024-12-24 11:09:26,293 [ERROR] All retries failed for address: 부산광역시 사하구 다대로 301 3-601
2024-12-24 11:09:26,293 [ERROR] All retries failed for address: 부산광역시 강서구 명지오션시티6로 33 407-203
2024-12-24 11:09:26,342 [ERROR] All retries failed for address: 부산광역시 남구 분포로 111 131-1206호
2024-12-24 11:09:26,375 [ERROR] All retries failed for address: 부산광역시 기장군 일광면 해빛5로 14 대성베르힐 102동 2502호
2024-12-24 11:09:26,392 [ERROR] All retries failed for address: 부산광역시 남구 분포로 113 224-1905
2024-12-24 11:09:26,392 [ERROR] All retries failed for address: 부산광역시 기장군 기장읍 배산로 72 102
2024-12-24 11:09:26,392 [ERROR] All retries failed for address: 부산광역시 기장군 철마면 고촌로28번길 32-1 주택1층
2024-12-24 11:09:26,460 [ERROR] All retries failed for address: 부산광역시 기장군 일광면 신평길 30-3 주택
2024-12-24 11:09:26,500 [ERROR] All retries failed for address: 부산광역시 기장군 장안읍 월내해안길 61 단독주택
2024-12-24 11:09:26,500 [ERROR] All retries failed for address: 부산광역시 기장군 기장읍 반송로 1606 B101
2024-12-24 11:09:26,517 [ERROR] All retries failed for address: 부산광역시 기장군 기장읍 반송로 1606 B101
2024-12-24 11:09:26,517 [ERROR] All retries failed for address: 부산광역시 영도구 봉래동1가 대교로46번길21 대교타운407 rat 2
2024-12-24 11:09:26,615 [ERROR] All retries failed for address: 부산광역시 영도구 봉래동1가 대교로46번길21 대교타운407호 rat 2
2024-12-24 11:09:26,615 [ERROR] All retries failed for address: 부산광역시 수영구 망미번영로24번길 7 12통 1반
2024-12-24 11:10:33,897 [INFO] Loaded data file: ./202201/2/2.csv
2024-12-24 11:10:43,777 [ERROR] All retries failed for address: 경상남도 김해시 상동면 동북로 515-29 하얀대문집
2024-12-24 11:15:40,322 [INFO] Loaded data file: ./202201/1/1.csv
2024-12-24 11:24:09,815 [ERROR] All retries failed for address: 부산광역시 기장군 철마면 중리2길 12-2 가족분
2024-12-24 11:24:09,931 [ERROR] All retries failed for address: 부산광역시 남구 고동골로59번길 49
2024-12-24 11:24:09,931 [ERROR] All retries failed for address: 부산광역시 기장군 장안읍 기룡1길 19 혼자거주함
2024-12-24 11:24:10,009 [ERROR] All retries failed for address: 부산광역시 남구 고동골로59번길 49
2024-12-24 11:24:10,064 [ERROR] All retries failed for address: 부산 동래구 안남로 79 104-2304
2024-12-24 11:24:10,065 [ERROR] All retries failed for address: 부산광역시 동래구 삼어로 12 204-1207
2024-12-24 11:24:10,168 [ERROR] All retries failed for address: 부산광역시 수영구 남천서로13번길 13 404
2024-12-24 11:24:10,194 [ERROR] All retries failed for address: 부산광역시 금정구 금샘로 446 312-1401
2024-12-24 11:24:10,254 [ERROR] All retries failed for address: 부산광역시 수영구 호암로29번길 50 103-1204
2024-12-24 11:24:10,280 [ERROR] All retries failed for address: 부산광역시 수영구 호암로29번길 50 104-701
2024-12-24 11:24:10,342 [ERROR] All retries failed for address: 부산광역시 수영구 광남로 51 1-501호
2024-12-24 11:24:10,363 [ERROR] All retries failed for address: 부산광역시 남구 지게골로108번길 16
2024-12-24 11:24:10,494 [ERROR] All retries failed for address: 부산광역시 해운대구 해운대해변로 117 107-604호
2024-12-24 11:24:10,494 [ERROR] All retries failed for address: 부산광역시 해운대구 좌동순환로433번길 30 102-4204
2024-12-24 11:24:10,572 [ERROR] All retries failed for address: 부산광역시 남구 오륙도로 85 111-1304
2024-12-24 11:24:10,618 [ERROR] All retries failed for address: 부산광역시 동구 홍곡로 37 107-2201호
2024-12-24 11:24:10,695 [ERROR] All retries failed for address: 부산광역시 남구 석포로 7 308
2024-12-24 11:24:10,790 [ERROR] All retries failed for address: 부산광역시 영도구 조내기로 38 102-1202
2024-12-24 11:24:10,790 [ERROR] All retries failed for address: 부산광역시 부산진구 가야공원로 41 102-2201
2024-12-24 11:24:10,852 [ERROR] All retries failed for address: 부산광역시 영도구 태종로 702 101-1304
2024-12-24 11:24:10,870 [ERROR] All retries failed for address: 부산광역시 영도구 와치로 287 302-1204
2024-12-24 11:24:10,935 [ERROR] All retries failed for address: 부산광역시 사상구 백양대로433번길 9 7통 4반
2024-12-24 11:24:10,935 [ERROR] All retries failed for address: 부산광역시 영도구 일산봉로 58 101-1608호
2024-12-24 11:24:11,135 [ERROR] All retries failed for address: 부산광역시 남구 오륙도로 85 102-301
2024-12-24 11:24:11,135 [ERROR] All retries failed for address: 부산 해운대구 해운대로 601 b-2008 에이치스위트
2024-12-24 11:24:11,288 [ERROR] All retries failed for address: 부산 부산진구 동평로 352 102-2105
2024-12-24 11:24:11,288 [ERROR] All retries failed for address: 부산광역시 남구 고동골로97번길 19-4
2024-12-24 11:24:11,380 [ERROR] All retries failed for address: 부산광역시 연제구 고분로98번길 16 101-1405
2024-12-24 11:24:11,439 [ERROR] All retries failed for address: 부산광역시 기장군 철마면 강변길 20 해피케어 공동생활가정
2024-12-24 11:24:11,439 [ERROR] All retries failed for address: 부산광역시 기장군 철마면 강변길 20 해피케어 공동생활가정
2024-12-24 11:24:11,567 [ERROR] All retries failed for address: 부산광역시 사상구 강선로 17 14통 4반
2024-12-24 11:24:11,567 [ERROR] All retries failed for address: 부산광역시 남구 우암로 142 1012
2024-12-24 11:24:11,626 [ERROR] All retries failed for address: 부산광역시 해운대구 해운대로383번길 93 106-1004
2024-12-24 11:24:11,654 [ERROR] All retries failed for address: 부산광역시 남구 오륙도로 85 104-3305호
2024-12-24 11:24:11,721 [ERROR] All retries failed for address: 부산광역시 해운대구 해운대로 435 110-1902
2024-12-24 11:24:11,721 [ERROR] All retries failed for address: 부산광역시 금정구 식물원로 64 113-1303호
2024-12-24 11:24:11,845 [ERROR] All retries failed for address: 부산광역시 기장군 장안읍 하장안길 13 주택1층
2024-12-24 11:24:11,893 [ERROR] All retries failed for address: 부산광역시 기장군 일광읍 해빛2로 24 106-201 22년3월12일확진 재감염 일관아동병원입원중
2024-12-24 11:24:11,998 [ERROR] All retries failed for address: 부산광역시 기장군 장안읍 신좌천로 7 103-1712
2024-12-24 11:24:12,045 [ERROR] All retries failed for address: 부산광역시 기장군 일광읍 해빛2로 24 106-201 22년3월12일확진재감염 일관아동병원입원중
2024-12-24 11:24:12,106 [ERROR] All retries failed for address: 부산광역시 연제구 해맞이로57번길 21 103
2024-12-24 11:24:12,106 [ERROR] All retries failed for address: 부산 금정구 부산대학로 10 105-802
2024-12-24 11:24:12,245 [ERROR] All retries failed for address: 부산광역시 부산진구 진사로 85 개금길요양병원입원중
2024-12-24 11:24:12,296 [ERROR] All retries failed for address: 부산광역시 기장군 철마면 마지1길 23 주택 22년7월19일확진 재감염
2024-12-24 11:24:12,318 [ERROR] All retries failed for address: 부산광역시 서구 대티로 159 106-1605호
2024-12-24 11:24:12,381 [ERROR] All retries failed for address: 부산광역시 금정구 동현로16번길 20 A-301호
2024-12-24 11:24:12,398 [ERROR] All retries failed for address: 전라남도 진도군 지산면 거제길 8 주택 1층
2024-12-24 11:24:12,469 [ERROR] All retries failed for address: 부산광역시 영도구 동삼동로 10 101-102호
2024-12-24 11:24:12,501 [ERROR] All retries failed for address: 부산광역시 해운대구 해운대해변로 8399 경남마리나아파트 106-1503
2024-12-24 11:24:12,571 [ERROR] All retries failed for address: 부산광역시 연제구 고분로112번길 23 102-901호
2024-12-24 11:24:12,571 [ERROR] All retries failed for address: 부산광역시 해운대구 신반송로 102 203-1705
2024-12-24 11:24:12,670 [ERROR] All retries failed for address: 부산광역시 사하구 다대로568번길 25
2024-12-24 11:24:12,735 [ERROR] All retries failed for address: 부산 해운대구 중동2로34번길 15 103-4203 103-4203
2024-12-24 11:24:12,735 [ERROR] All retries failed for address: 경상북도 울진군 북면 덕구온천로 328 현지빌 201호
2024-12-24 11:24:12,829 [ERROR] All retries failed for address: 부산광역시 수영구 광안해변로 100 216-605
2024-12-24 11:24:12,870 [ERROR] All retries failed for address: 부산광역시 수영구 광안해변로 100 216-605호
2024-12-24 11:24:12,944 [ERROR] All retries failed for address: 부산 해운대구 마린시티2로 38 1-2802 1동 2802호
2024-12-24 11:24:12,944 [ERROR] All retries failed for address: 부산광역시 부산진구 가야대로 450 101동 1504
2024-12-24 11:24:13,083 [ERROR] All retries failed for address: 부산광역시 기장군 기장읍 대청로36번길 14 단독주택
2024-12-24 11:24:13,090 [ERROR] All retries failed for address: 부산광역시 해운대구 해운대해변로 115 대우마리나3차아파트 306-1006
2024-12-24 11:24:13,168 [ERROR] All retries failed for address: 부산광역시 해운대구 좌동순환로299번길 11 205-1904
2024-12-24 11:24:13,236 [ERROR] All retries failed for address: 부산광역시 기장군 기장읍 죽성로 197 신앙촌식품 신앙촌내 격리실이있다함
2024-12-24 11:24:13,236 [ERROR] All retries failed for address: 부산광역시 금정구 중앙대로1685번길 24 110-2104
2024-12-24 11:24:13,397 [ERROR] All retries failed for address: 부산 해운대구 좌동 경남선경아파트 109-1803
2024-12-24 11:24:13,397 [ERROR] All retries failed for address: 부산광역시 중구 대청로53번길 29 보수동1가 기침 콧물 발열
2024-12-24 11:24:13,516 [ERROR] All retries failed for address: 부산광역시 사하구 다대낙조2길 215 102-1801
2024-12-24 11:24:13,582 [ERROR] All retries failed for address: 부산 해운대구 대천로103번길 47 116-302 대림1차
2024-12-24 11:24:13,620 [ERROR] All retries failed for address: 부산광역시 해운대구 대천로 187 현재 백병원 입원중
2024-12-24 11:24:13,670 [ERROR] All retries failed for address: 부산광역시 금정구 금강로 225 206-1601
2024-12-24 11:24:13,702 [ERROR] All retries failed for address: 부산광역시 금정구 중앙대로1629번길 16 1023604
2024-12-24 11:24:13,808 [ERROR] All retries failed for address: 경상남도 김해시 대동면 성안길 34-10 단독주택
2024-12-24 11:24:13,808 [ERROR] All retries failed for address: 부산광역시 해운대구 마린시티2로 33 102-1202
2024-12-24 11:24:13,951 [ERROR] All retries failed for address: 부산광역시 해운대구 좌동순환로433번길 30 104-3001
2024-12-24 11:24:13,951 [ERROR] All retries failed for address: 부산광역시 기장군 일광면 해빛5로 14 대성 103-2301
2024-12-24 11:24:14,031 [ERROR] All retries failed for address: 부산광역시 해운대구 신반송로 72 502-105호
2024-12-24 11:24:14,045 [ERROR] All retries failed for address: 부산광역시 기장군 일광면 해빛5로 14 대성 103-2301
2024-12-24 11:24:14,152 [ERROR] All retries failed for address: 부산광역시 남구 용호로269번길 29 102-501
2024-12-24 11:24:14,152 [ERROR] All retries failed for address: 부산광역시 남구 우암로154번길 18 2-246
2024-12-24 11:24:14,237 [ERROR] All retries failed for address: 부산광역시 연제구 법원북로 13 103-1103
2024-12-24 11:24:14,382 [ERROR] All retries failed for address: 부산 동래구 아시아드대로195번길 76 무량수 광혜병원 입원중
2024-12-24 11:24:14,393 [ERROR] All retries failed for address: 부산광역시 영도구 신선동2가 남도여중길17 한성빌라502호 rat 5
2024-12-24 11:24:14,529 [ERROR] All retries failed for address: 부산광역시 북구 만덕대로155번길 42 나-102 인제대학교부산백병원 입원중
2024-12-24 11:24:14,529 [ERROR] All retries failed for address: 부산광역시 해운대구 재송2로74번길 31 8-109
2024-12-24 11:24:14,634 [ERROR] All retries failed for address: 부산광역시 사상구 백양대로 879 동원아파트5-901 모라동
2024-12-24 11:24:14,634 [ERROR] All retries failed for address: 부산광역시 부산진구 가야대로679번길166 가야화신1-1506
2024-12-24 11:24:14,741 [ERROR] All retries failed for address: 부산광역시 서구 서대신동3가 694-1 협성르네상스 106-1003호
2024-12-24 11:24:14,741 [ERROR] All retries failed for address: 부산광역시 사상구 감전동 121-117 동아대병원 입원 중 확진
2024-12-24 11:24:14,932 [ERROR] All retries failed for address: 부산 해운대구 해운대로 361 105-502 센텀삼환아파트
2024-12-24 11:24:14,951 [ERROR] All retries failed for address: 부산 북구 상학로 36 e편한세상금정산 204-304
2024-12-24 11:24:15,054 [ERROR] All retries failed for address: 부산광역시 남구 분포로 145 C-405
2024-12-24 11:24:15,118 [ERROR] All retries failed for address: 부산 북구 상학로 36 e편한세상금정산 204-304
2024-12-24 11:24:15,203 [ERROR] All retries failed for address: 부산광역시 북구 효열로37번길 22 505동 3030호 고신대학교복음병원 입원중
2024-12-24 11:24:15,243 [ERROR] All retries failed for address: 부산광역시 강서구 명지오션시티6로 33 407-203
2024-12-24 11:24:15,296 [ERROR] All retries failed for address: 부산광역시 기장군 기장읍 차성남로41번길 11 헤랜하우스 505호
2024-12-24 11:24:15,392 [ERROR] All retries failed for address: 부산광역시 기장군 일광면 해빛5로 14 대성베르힐 102동 2502호
2024-12-24 11:24:15,392 [ERROR] All retries failed for address: 부산광역시 남구 분포로 111 131-1206호
2024-12-24 11:24:15,488 [ERROR] All retries failed for address: 부산광역시 사하구 다대로 301 3-601
2024-12-24 11:24:15,488 [ERROR] All retries failed for address: 부산광역시 기장군 철마면 고촌로28번길 32-1 주택1층
2024-12-24 11:24:15,570 [ERROR] All retries failed for address: 부산광역시 기장군 기장읍 배산로 72 102
2024-12-24 11:24:15,608 [ERROR] All retries failed for address: 부산광역시 기장군 장안읍 월내해안길 61 단독주택
2024-12-24 11:24:15,669 [ERROR] All retries failed for address: 부산광역시 남구 분포로 113 224-1905
2024-12-24 11:24:15,743 [ERROR] All retries failed for address: 부산광역시 기장군 일광면 신평길 30-3 주택
2024-12-24 11:24:15,764 [ERROR] All retries failed for address: 부산광역시 영도구 봉래동1가 대교로46번길21 대교타운407 rat 2
2024-12-24 11:24:15,831 [ERROR] All retries failed for address: 부산광역시 기장군 기장읍 반송로 1606 B101
2024-12-24 11:24:15,901 [ERROR] All retries failed for address: 부산광역시 기장군 기장읍 반송로 1606 B101
2024-12-24 11:24:15,954 [ERROR] All retries failed for address: 부산광역시 수영구 망미번영로24번길 7 12통 1반
2024-12-24 11:24:15,993 [ERROR] All retries failed for address: 부산광역시 연제구 거제천로 233 109-1505
2024-12-24 11:24:16,074 [ERROR] All retries failed for address: 부산광역시 영도구 봉래동1가 대교로46번길21 대교타운407호 rat 2
2024-12-24 11:24:16,075 [ERROR] All retries failed for address: 부산광역시 사상구 백양대로 906 1-507호
2024-12-24 11:24:16,209 [ERROR] All retries failed for address: 부산광역시 영도구 해안산책길 30 109-2505
2024-12-24 11:24:16,209 [ERROR] All retries failed for address: 부산광역시 남구 용호로269번길 90 1108
2024-12-24 11:24:16,271 [ERROR] All retries failed for address: 부산광역시 사상구 엄궁로 142 104-205
2024-12-24 11:24:16,334 [ERROR] All retries failed for address: 부산광역시 해운대구 반여동 1638 아시아선수촌아파트 119-706
2024-12-24 11:24:16,397 [ERROR] All retries failed for address: 부산광역시 해운대구 반여동 1638 아시아선수촌아파트 119-706 동아대병원입원중
2024-12-24 11:24:16,428 [ERROR] All retries failed for address: 부산광역시 남구 유엔로 46 104-1102
2024-12-24 11:24:16,484 [ERROR] All retries failed for address: 부산광역시 사상구 대동로64번길 40 102-1803호
2024-12-24 11:24:16,533 [ERROR] All retries failed for address: 부산광역시 남구 용호로269번길 29 102-1506
2024-12-24 11:24:16,611 [ERROR] All retries failed for address: 부산광역시 기장군 정관읍 용수로 103 주택3층 pcr
2024-12-24 11:24:16,690 [ERROR] All retries failed for address: 부산 기장군 장안읍 고무마을길 18-24 주택 pcr 22년2월11일확진재감염
2024-12-24 11:24:16,725 [ERROR] All retries failed for address: 부산광역시 기장군 장안읍 못안길 47 온누리요양원 PCR
2024-12-24 11:24:16,844 [ERROR] All retries failed for address: 부산광역시 기장군 장안읍 못안길 47 온누리요양원 PCR
2024-12-24 11:24:16,876 [ERROR] All retries failed for address: 부산광역시 기장군 정관읍 산단2로 60 510-402
2024-12-24 11:24:16,922 [ERROR] All retries failed for address: 부산광역시 동래구 쇠미로 95
2024-12-24 11:24:16,970 [ERROR] All retries failed for address: 부산광역시 기장군 기장읍 죽성로 227 기장실버타운 PCR
2024-12-24 11:24:17,027 [ERROR] All retries failed for address: 부산광역시 기장군 기장읍 배산로19번길 22 만화리 산6 pcr1 28
2024-12-24 11:24:17,051 [ERROR] All retries failed for address: 부산광역시 남구 분포로 145 D-3801
2024-12-24 11:24:17,127 [ERROR] All retries failed for address: 부산광역시 동래구 사직로 16 202-1302
2024-12-24 11:24:17,128 [ERROR] All retries failed for address: 부산광역시 기장군 기장읍 기장대로 563 107-101
2024-12-24 11:24:17,189 [ERROR] All retries failed for address: 부산광역시 해운대구 대천로 205 102-501
2024-12-24 11:24:17,286 [ERROR] All retries failed for address: 부산광역시 해운대구 선수촌로21번길 653-1405
2024-12-24 11:24:17,320 [ERROR] All retries failed for address: 부산광역시 기장군 일광면 해빛5로 14 대성 103-2301
2024-12-24 11:24:17,403 [ERROR] All retries failed for address: 부산광역시 기장군 기장읍 차성동로 21-1 로뎀빌라 404호
2024-12-24 11:24:17,472 [ERROR] All retries failed for address: 부산광역시 북구 덕천동 808 주공아파트2단지 205-509 동아대학교 병원 입원중
2024-12-24 11:24:17,503 [ERROR] All retries failed for address: 부산광역시 남구 용호로232번길 61 101-507
2024-12-24 11:24:17,587 [ERROR] All retries failed for address: 부산광역시 기장군 철마면 백길길 15-4 안쪽 집
2024-12-24 11:24:17,606 [ERROR] All retries failed for address: 부산광역시 기장군 기장읍 연화길 62 주사랑 요양병원
2024-12-24 11:24:17,679 [ERROR] All retries failed for address: 부산광역시 사상구 모라로192번길 20-21 313-1503
2024-12-24 11:24:17,720 [ERROR] All retries failed for address: 부산 해운대구 달맞이길117번가길 191 302B 탑빌라
2024-12-24 11:24:17,815 [ERROR] All retries failed for address: 부산 해운대구 마린시티2로 33 102-4210
2024-12-24 11:24:17,894 [ERROR] All retries failed for address: 부산광역시 영도구 영선동4가 186-46 영선동반도보라아파트 109-1101 PCR 동아대학병원 입원
2024-12-24 11:24:17,924 [ERROR] All retries failed for address: 부산 사상구 백양대로934번길 52-6 101-2206
2024-12-24 11:24:18,021 [ERROR] All retries failed for address: 부산광역시 기장군 정관읍 정관중앙로 30 정관세정웰메이드시티 1013호
2024-12-24 11:24:18,145 [ERROR] All retries failed for address: 부산광역시 사상구 백양대로934번길 84 107-1901
2024-12-24 11:24:18,204 [ERROR] All retries failed for address: 부산 동래구 쇠미로129번길 62-12 새온천화신동영아파트 105-306 광혜병원 입원 중
2024-12-24 11:24:18,249 [ERROR] All retries failed for address: 부산광역시 동래구 아시아드대로255번길 14 102-1701
2024-12-24 11:24:18,308 [ERROR] All retries failed for address: 부산광역시 수영구 수영로545번길 13 303
2024-12-24 11:24:18,309 [ERROR] All retries failed for address: 부산광역시 수영구 수영로575번길 11 6차 502호
2024-12-24 11:24:18,396 [ERROR] All retries failed for address: 부산광역시 사상구 낙동대로1210번길 34 103-2301호
2024-12-24 11:24:18,473 [ERROR] All retries failed for address: 부산광역시 남구 수영로 135 105-2103
2024-12-24 11:24:18,617 [ERROR] All retries failed for address: 부산광역시 남구 신선로 566 309-2102
2024-12-24 11:24:18,689 [ERROR] All retries failed for address: 부산 북구 상학로 35 금정산엘에이치뉴웰시티 107-602
2024-12-24 11:24:18,717 [ERROR] All retries failed for address: 부산광역시 기장군 기장읍 죽성로 197 연주주택
2024-12-24 11:24:18,767 [ERROR] All retries failed for address: 부산광역시 부산진구 가야대로679번길 166 102-2506
2024-12-24 11:24:18,820 [ERROR] All retries failed for address: 부산광역시 해운대구 반여로 133 108-1104호
2024-12-24 11:24:18,888 [ERROR] All retries failed for address: 부산광역시 북구 만덕대로102번가길 44 좋은데이원룸 101호
2024-12-24 11:24:18,940 [ERROR] All retries failed for address: 부산광역시 해운대구 센텀동로 25 101-2904
2024-12-24 11:24:18,982 [ERROR] All retries failed for address: 부산광역시 남구 이기대공원로26번길 45-3 102-1411
2024-12-24 11:24:19,044 [ERROR] All retries failed for address: 부산광역시 사상구 가야대로284번길 12 5동1109
2024-12-24 11:24:19,088 [ERROR] All retries failed for address: 부산광역시 기장군 정관읍 정관1로 51 803-903
2024-12-24 11:24:19,182 [ERROR] All retries failed for address: 부산광역시 기장군 일광면 해빛2로 24 108-2702
2024-12-24 11:24:19,182 [ERROR] All retries failed for address: 부산광역시 사상구 백양대로 716 101-510호
2024-12-24 11:24:19,305 [ERROR] All retries failed for address: 부산광역시 해운대구 센텀동로 25 대우월드마크센텀아파트102-1703
2024-12-24 11:24:19,305 [ERROR] All retries failed for address: 부산광역시 기장군 정관읍 곰내길 654-140 주택
2024-12-24 11:24:19,413 [ERROR] All retries failed for address: 부산광역시 사상구 낙동대로1210번길 33 209-801호
2024-12-24 11:24:19,413 [ERROR] All retries failed for address: 부산광역시 동래구 온천천로339번길 28 110-3204호
2024-12-24 11:24:19,504 [ERROR] All retries failed for address: 부산광역시 사상구 학감대로 62 101-1705
2024-12-24 11:24:19,504 [ERROR] All retries failed for address: 부산광역시 사상구 백양대로494번길 10 102-1401
2024-12-24 11:24:19,602 [ERROR] All retries failed for address: 부산광역시 해운대구 좌동순환로433번길 30 104-3802
2024-12-24 11:24:19,633 [ERROR] All retries failed for address: 부산광역시 기장군 철마면 강변길 20 해피케어 공동생활가정
2024-12-24 11:24:19,688 [ERROR] All retries failed for address: 부산광역시 기장군 기장읍 반송로 1606 B101
2024-12-24 11:24:19,738 [ERROR] All retries failed for address: 부산광역시 영도구 신선동2가 남도여중길17 rat 5
2024-12-24 11:24:19,738 [ERROR] All retries failed for address: 부산광역시 영도구 신선동2가 남도여중길17 rat 5
2024-12-24 11:24:19,834 [ERROR] All retries failed for address: 경상남도 양산시 물금읍 범구4길 26 카네기하우스 201호
2024-12-24 11:24:19,865 [ERROR] All retries failed for address: 부산광역시 수영구 수영로545번가길 5 401
2024-12-24 11:24:19,944 [ERROR] All retries failed for address: 부산광역시 부산진구 거제대로 37 204-101
2024-12-24 11:24:19,976 [ERROR] All retries failed for address: 부산광역시 영도구 동삼오션로 30 부산오션시티푸르지오 101동 1005호 pcr 3
2024-12-24 11:24:20,039 [ERROR] All retries failed for address: 부산광역시 해운대구 센텀중앙로 145 104-4704
2024-12-24 11:24:20,148 [ERROR] All retries failed for address: 경기도 가평군 설악면 미사리로 267-177 에이치제이매그놀리아국제병원 입원중
2024-12-24 11:24:20,148 [ERROR] All retries failed for address: 부산광역시 기장군 장안읍 천산로 63 선양시니어빌리지 pcr1 28
2024-12-24 11:24:20,202 [ERROR] All retries failed for address: 부산광역시 동래구 쇠미로 95
2024-12-24 11:24:20,250 [ERROR] All retries failed for address: 부산광역시 금정구 금강로 503 804-1002
2024-12-24 11:24:20,322 [ERROR] All retries failed for address: 부산광역시 금정구 중앙대로1685번길 2224 경남한신아파트 108동 804호
2024-12-24 11:24:20,368 [ERROR] All retries failed for address: 부산광역시 사하구 감천로21번길 35 1042108
2024-12-24 11:24:20,446 [ERROR] All retries failed for address: 부산광역시 남구 고동골로97번길 19-4
2024-12-24 11:24:20,446 [ERROR] All retries failed for address: 부산광역시 동래구 복천로5번길 34 104-1305
2024-12-24 11:24:20,537 [ERROR] All retries failed for address: 부산광역시 수영구 광남로 55 4-201
2024-12-24 11:24:20,537 [ERROR] All retries failed for address: 부산광역시 금정구 동현로 90 107-301
2024-12-24 11:24:20,618 [ERROR] All retries failed for address: 부산광역시 수영구 광안해변로 100 312-808
2024-12-24 11:24:20,665 [ERROR] All retries failed for address: 부산광역시 영도구 신선동2가 샛별길107 2층 rat 2
2024-12-24 11:24:20,696 [ERROR] All retries failed for address: 부산광역시 금정구 남산동 993-14 동아대학교병원 입원중
2024-12-24 11:24:20,738 [ERROR] All retries failed for address: 부산광역시 금정구 남산동 993-14 동아대학교병원 입원중
2024-12-24 11:24:20,770 [ERROR] All retries failed for address: 부산광역시 동구 홍곡남로 6 동신탕 3층
2024-12-24 11:24:20,921 [ERROR] All retries failed for address: 부산광역시 기장군 일광면 이동1길 14-1 주택
2024-12-24 11:24:20,921 [ERROR] All retries failed for address: 부산광역시 기장군 기장읍 반송로 1606 지하1층 광명교회
2024-12-24 11:24:21,026 [ERROR] All retries failed for address: 부산광역시 남구 무민사로 19 소아영아재활원
2024-12-24 11:24:21,088 [ERROR] All retries failed for address: 부산광역시 기장군 철마면 강변길 20 해피케어 공동생활가정
2024-12-24 11:24:21,136 [ERROR] All retries failed for address: 부산광역시 남구 진남로64번길 82 84
2024-12-24 11:24:21,182 [ERROR] All retries failed for address: 부산광역시 동래구 사직북로47번길 30-5 주택 1층
2024-12-24 11:24:21,214 [ERROR] All retries failed for address: 부산광역시 사상구 대동로 98 101-801
2024-12-24 11:24:21,276 [ERROR] All retries failed for address: 부산광역시 금정구 금강로 502 206-502
2024-12-24 11:24:21,312 [ERROR] All retries failed for address: 부산광역시 남구 고동골로 29 108-204
2024-12-24 11:24:21,313 [ERROR] All retries failed for address: 부산광역시 금정구 금강로 502 206-502
2024-12-24 11:24:21,403 [ERROR] All retries failed for address: 부산광역시 사하구 감천로 175 101-1806
2024-12-24 11:24:21,482 [ERROR] All retries failed for address: 부산광역시 남구 분포로 145 B-6302
2024-12-24 11:24:21,483 [ERROR] All retries failed for address: 부산광역시 사상구 주례2동 엘지신주례아파트 107-2302 107-2302 선제검사시양성
2024-12-24 11:24:21,589 [ERROR] All retries failed for address: 부산광역시 기장군 기장읍 차성동로122번길 7 402
2024-12-24 11:24:21,590 [ERROR] All retries failed for address: 부산광역시 연제구 배산로33번길 19 해오름빌라 501호
2024-12-24 11:24:21,723 [ERROR] All retries failed for address: 부산광역시 기장군 정관읍 정관1로 51 행복주택 801동 1209호
2024-12-24 11:24:21,805 [ERROR] All retries failed for address: 부산 연제구 연수로 2 힐스테이트연산 1단지 103동 2905호
2024-12-24 11:24:21,835 [ERROR] All retries failed for address: 부산광역시 남구 용호로269번길 29 102-1501호
2024-12-24 11:24:21,954 [ERROR] All retries failed for address: 부산광역시 남구 오륙도로 85 101-1402
2024-12-24 11:24:21,954 [ERROR] All retries failed for address: 부산광역시 남구 용호로216번가길 46 101-1201
2024-12-24 11:24:22,015 [ERROR] All retries failed for address: 부산광역시 남구 오륙도로 85 101-1402
2024-12-24 11:24:22,056 [ERROR] All retries failed for address: 부산광역시 해운대구 재반로242번길 21-65 바2층
2024-12-24 11:24:22,142 [ERROR] All retries failed for address: 부산광역시 해운대구 해운대해변로 141 대우마리나2차아파트 205-402
2024-12-24 11:24:22,142 [ERROR] All retries failed for address: 부산광역시 해운대구 해운대로 1100 센텀102-506
2024-12-24 11:24:22,235 [ERROR] All retries failed for address: 부산광역시 부산진구 동평로 352 103-1204
2024-12-24 11:24:22,236 [ERROR] All retries failed for address: 부산 해운대구 센텀3로 26 3009 3009호
2024-12-24 11:24:22,297 [ERROR] All retries failed for address: 부산광역시 부산진구 동평로 352 103-1204
2024-12-24 11:24:22,358 [ERROR] All retries failed for address: 부산광역시 기장군 기장읍 원죽길 5-4 1
2024-12-24 11:24:22,358 [ERROR] All retries failed for address: 부산광역시 해운대구 신반송로 200 1041414
2024-12-24 11:24:22,520 [ERROR] All retries failed for address: 부산광역시 기장군 정관읍 달산1길 26-1 303
2024-12-24 11:24:22,520 [ERROR] All retries failed for address: 부산광역시 기장군 기장읍 기장대로 495 삼영코스모타워 1906호
2024-12-24 11:24:22,649 [ERROR] All retries failed for address: 부산광역시 기장군 정관읍 정관5로 116 203
2024-12-24 11:24:22,704 [ERROR] All retries failed for address: 울산광역시 울주군 서생면 진하9길 22-6 상가 주택
2024-12-24 11:25:54,053 [INFO] Loaded data file: ./202201/1/1.csv
2024-12-24 11:30:29,535 [ERROR] All retries failed for address: 부산광역시 해운대구 재송2로74번길 31 8-109
2024-12-24 11:30:29,535 [ERROR] All retries failed for address: 부산광역시 강서구 명지오션시티6로 33 407-203
2024-12-24 11:30:29,702 [ERROR] All retries failed for address: 부산 해운대구 해운대로 361 105-502 센텀삼환아파트
2024-12-24 11:30:29,760 [ERROR] All retries failed for address: 부산광역시 기장군 일광면 해빛5로 14 대성베르힐 102동 2502호
2024-12-24 11:30:29,846 [ERROR] All retries failed for address: 부산광역시 남구 분포로 111 131-1206호
2024-12-24 11:30:29,846 [ERROR] All retries failed for address: 부산광역시 남구 분포로 113 224-1905
2024-12-24 11:30:29,939 [ERROR] All retries failed for address: 부산광역시 기장군 일광면 신평길 30-3 주택
2024-12-24 11:30:29,939 [ERROR] All retries failed for address: 부산광역시 기장군 기장읍 반송로 1606 B101
2024-12-24 11:30:30,001 [ERROR] All retries failed for address: 부산광역시 동래구 쇠미로 95
2024-12-24 11:30:30,071 [ERROR] All retries failed for address: 부산광역시 남구 용호로269번길 29 102-1506
2024-12-24 11:30:30,071 [ERROR] All retries failed for address: 부산광역시 기장군 기장읍 반송로 1606 B101
2024-12-24 11:30:30,166 [ERROR] All retries failed for address: 부산광역시 기장군 기장읍 기장대로 563 107-101
2024-12-24 11:30:30,166 [ERROR] All retries failed for address: 부산광역시 남구 분포로 145 D-3801
2024-12-24 11:30:30,270 [ERROR] All retries failed for address: 부산광역시 기장군 기장읍 차성동로 21-1 로뎀빌라 404호
2024-12-24 11:30:30,271 [ERROR] All retries failed for address: 부산광역시 기장군 일광면 해빛5로 14 대성 103-2301
2024-12-24 11:30:30,368 [ERROR] All retries failed for address: 부산광역시 기장군 철마면 백길길 15-4 안쪽 집
2024-12-24 11:30:30,436 [ERROR] All retries failed for address: 부산 해운대구 달맞이길117번가길 191 302B 탑빌라
2024-12-24 11:30:30,436 [ERROR] All retries failed for address: 부산광역시 기장군 기장읍 연화길 62 주사랑 요양병원
2024-12-24 11:30:30,531 [ERROR] All retries failed for address: 부산 사상구 백양대로934번길 52-6 101-2206
2024-12-24 11:30:30,601 [ERROR] All retries failed for address: 부산 해운대구 마린시티2로 33 102-4210
2024-12-24 11:30:30,620 [ERROR] All retries failed for address: 부산광역시 수영구 수영로545번길 13 303
2024-12-24 11:30:30,697 [ERROR] All retries failed for address: 부산광역시 남구 신선로 566 309-2102
2024-12-24 11:30:30,759 [ERROR] All retries failed for address: 부산광역시 기장군 기장읍 죽성로 197 연주주택
2024-12-24 11:30:30,805 [ERROR] All retries failed for address: 부산광역시 사상구 가야대로284번길 12 5동1109
2024-12-24 11:30:30,805 [ERROR] All retries failed for address: 부산광역시 북구 만덕대로102번가길 44 좋은데이원룸 101호
2024-12-24 11:30:30,866 [ERROR] All retries failed for address: 부산광역시 기장군 기장읍 반송로 1606 B101
2024-12-24 11:30:30,866 [ERROR] All retries failed for address: 부산광역시 기장군 철마면 강변길 20 해피케어 공동생활가정
2024-12-24 11:30:30,975 [ERROR] All retries failed for address: 부산광역시 동래구 쇠미로 95
2024-12-24 11:30:30,975 [ERROR] All retries failed for address: 부산광역시 수영구 수영로545번가길 5 401
2024-12-24 11:30:31,053 [ERROR] All retries failed for address: 부산광역시 남구 고동골로97번길 19-4
2024-12-24 11:30:31,053 [ERROR] All retries failed for address: 부산광역시 동래구 복천로5번길 34 104-1305
2024-12-24 11:30:31,121 [ERROR] All retries failed for address: 부산광역시 동구 홍곡남로 6 동신탕 3층
2024-12-24 11:30:31,121 [ERROR] All retries failed for address: 부산광역시 수영구 광남로 55 4-201
2024-12-24 11:30:31,205 [ERROR] All retries failed for address: 부산광역시 수영구 광안해변로 100 312-808
2024-12-24 11:30:31,285 [ERROR] All retries failed for address: 부산광역시 기장군 일광면 이동1길 14-1 주택
2024-12-24 11:30:31,364 [ERROR] All retries failed for address: 부산광역시 기장군 철마면 강변길 20 해피케어 공동생활가정
2024-12-24 11:30:31,364 [ERROR] All retries failed for address: 부산광역시 기장군 기장읍 반송로 1606 지하1층 광명교회
2024-12-24 11:30:31,420 [ERROR] All retries failed for address: 부산광역시 남구 고동골로 29 108-204
2024-12-24 11:30:31,466 [ERROR] All retries failed for address: 부산광역시 남구 분포로 145 B-6302
2024-12-24 11:30:31,466 [ERROR] All retries failed for address: 부산 해운대구 센텀3로 26 3009 3009호
2024-12-24 11:30:31,542 [ERROR] All retries failed for address: 부산광역시 부산진구 동평로 352 103-1204
2024-12-24 11:30:31,543 [ERROR] All retries failed for address: 부산광역시 부산진구 동평로 352 103-1204
2024-12-24 11:30:31,601 [ERROR] All retries failed for address: 부산광역시 남구 고동골로59번길 49
2024-12-24 11:30:31,602 [ERROR] All retries failed for address: 부산광역시 기장군 기장읍 원죽길 5-4 1
2024-12-24 11:30:31,670 [ERROR] All retries failed for address: 부산광역시 수영구 남천서로13번길 13 404
2024-12-24 11:30:31,671 [ERROR] All retries failed for address: 부산광역시 남구 고동골로59번길 49
2024-12-24 11:30:31,704 [ERROR] All retries failed for address: 부산광역시 수영구 호암로29번길 50 104-701
2024-12-24 11:30:31,745 [ERROR] All retries failed for address: 부산광역시 수영구 호암로29번길 50 103-1204
2024-12-24 11:30:31,776 [ERROR] All retries failed for address: 부산광역시 수영구 광남로 51 1-501호
2024-12-24 11:30:31,837 [ERROR] All retries failed for address: 부산광역시 남구 석포로 7 308
2024-12-24 11:30:31,866 [ERROR] All retries failed for address: 부산광역시 남구 지게골로108번길 16
2024-12-24 11:30:31,936 [ERROR] All retries failed for address: 부산광역시 사상구 백양대로433번길 9 7통 4반
2024-12-24 11:30:31,936 [ERROR] All retries failed for address: 부산 해운대구 해운대로 601 b-2008 에이치스위트
2024-12-24 11:30:31,983 [ERROR] All retries failed for address: 부산광역시 남구 오륙도로 85 102-301
2024-12-24 11:30:31,983 [ERROR] All retries failed for address: 부산광역시 남구 고동골로97번길 19-4
2024-12-24 11:30:32,070 [ERROR] All retries failed for address: 부산광역시 기장군 철마면 강변길 20 해피케어 공동생활가정
2024-12-24 11:30:32,120 [ERROR] All retries failed for address: 부산 부산진구 동평로 352 102-2105
2024-12-24 11:30:32,151 [ERROR] All retries failed for address: 부산광역시 연제구 고분로98번길 16 101-1405
2024-12-24 11:30:32,220 [ERROR] All retries failed for address: 부산광역시 기장군 철마면 강변길 20 해피케어 공동생활가정
2024-12-24 11:30:32,220 [ERROR] All retries failed for address: 부산광역시 남구 오륙도로 85 104-3305호
2024-12-24 11:30:32,270 [ERROR] All retries failed for address: 부산광역시 사상구 강선로 17 14통 4반
2024-12-24 11:30:32,312 [ERROR] All retries failed for address: 부산광역시 금정구 식물원로 64 113-1303호
2024-12-24 11:30:32,353 [ERROR] All retries failed for address: 부산광역시 해운대구 해운대로 435 110-1902
2024-12-24 11:30:32,448 [ERROR] All retries failed for address: 부산 금정구 부산대학로 10 105-802
2024-12-24 11:30:32,448 [ERROR] All retries failed for address: 부산광역시 사하구 다대로568번길 25
2024-12-24 11:30:32,502 [ERROR] All retries failed for address: 부산 해운대구 중동2로34번길 15 103-4203 103-4203
2024-12-24 11:30:32,571 [ERROR] All retries failed for address: 부산 해운대구 마린시티2로 38 1-2802 1동 2802호
2024-12-24 11:30:32,670 [ERROR] All retries failed for address: 부산광역시 해운대구 좌동순환로299번길 11 205-1904
2024-12-24 11:30:32,670 [ERROR] All retries failed for address: 부산 해운대구 좌동 경남선경아파트 109-1803
2024-12-24 11:30:32,751 [ERROR] All retries failed for address: 부산광역시 해운대구 대천로 187 현재 백병원 입원중
2024-12-24 11:30:32,844 [ERROR] All retries failed for address: 부산 해운대구 대천로103번길 47 116-302 대림1차
2024-12-24 11:30:32,844 [ERROR] All retries failed for address: 부산광역시 기장군 일광면 해빛5로 14 대성 103-2301
2024-12-24 11:30:32,911 [ERROR] All retries failed for address: 부산광역시 기장군 일광면 해빛5로 14 대성 103-2301
2024-12-24 11:30:32,943 [ERROR] All retries failed for address: 부산광역시 남구 용호로269번길 29 102-501
2024-12-24 12:39:38,140 [INFO] Loaded data file: ./202201/1/1.csv
2024-12-24 12:43:40,401 [ERROR] All retries failed for address: 부산광역시 남구 오륙도로 85 104-3305호
2024-12-24 12:43:40,445 [ERROR] All retries failed for address: 부산광역시 남구 고동골로59번길 49
2024-12-24 12:43:40,476 [ERROR] All retries failed for address: 부산광역시 남구 고동골로59번길 49
2024-12-24 12:43:40,507 [ERROR] All retries failed for address: 부산광역시 금정구 식물원로 64 113-1303호
2024-12-24 12:43:40,592 [ERROR] All retries failed for address: 부산광역시 남구 지게골로108번길 16
2024-12-24 12:43:40,666 [ERROR] All retries failed for address: 부산 금정구 부산대학로 10 105-802
2024-12-24 12:43:40,677 [ERROR] All retries failed for address: 부산광역시 사상구 백양대로433번길 9 7통 4반
2024-12-24 12:43:40,736 [ERROR] All retries failed for address: 부산광역시 남구 오륙도로 85 102-301
2024-12-24 12:43:40,781 [ERROR] All retries failed for address: 부산광역시 남구 고동골로97번길 19-4
2024-12-24 12:43:40,816 [ERROR] All retries failed for address: 부산 부산진구 동평로 352 102-2105
2024-12-24 12:43:40,862 [ERROR] All retries failed for address: 부산광역시 기장군 철마면 강변길 20 해피케어 공동생활가정
2024-12-24 12:43:40,862 [ERROR] All retries failed for address: 부산광역시 연제구 고분로98번길 16 101-1405
2024-12-24 12:43:40,922 [ERROR] All retries failed for address: 부산광역시 기장군 철마면 강변길 20 해피케어 공동생활가정
2024-12-24 12:43:40,966 [ERROR] All retries failed for address: 부산광역시 사상구 강선로 17 14통 4반
2024-12-24 12:43:40,998 [ERROR] All retries failed for address: 부산광역시 해운대구 해운대로 435 110-1902
2024-12-24 12:43:40,999 [ERROR] All retries failed for address: 부산광역시 해운대구 대천로 187 현재 백병원 입원중
2024-12-24 12:43:41,060 [ERROR] All retries failed for address: 부산광역시 기장군 일광면 해빛5로 14 대성 103-2301
2024-12-24 12:43:41,154 [ERROR] All retries failed for address: 부산광역시 기장군 일광면 해빛5로 14 대성 103-2301
2024-12-24 12:43:41,236 [ERROR] All retries failed for address: 부산 해운대구 좌동 경남선경아파트 109-1803
2024-12-24 12:43:41,237 [ERROR] All retries failed for address: 부산광역시 남구 용호로269번길 29 102-501
2024-12-24 12:43:41,345 [ERROR] All retries failed for address: 부산광역시 사하구 다대로568번길 25
2024-12-24 12:43:41,430 [ERROR] All retries failed for address: 부산 해운대구 중동2로34번길 15 103-4203 103-4203
2024-12-24 12:43:41,463 [ERROR] All retries failed for address: 부산광역시 해운대구 좌동순환로299번길 11 205-1904
2024-12-24 12:43:41,528 [ERROR] All retries failed for address: 부산 해운대구 마린시티2로 38 1-2802 1동 2802호
2024-12-24 12:43:41,557 [ERROR] All retries failed for address: 부산광역시 남구 분포로 111 131-1206호
2024-12-24 12:43:41,667 [ERROR] All retries failed for address: 부산 해운대구 대천로103번길 47 116-302 대림1차
2024-12-24 12:43:41,668 [ERROR] All retries failed for address: 부산광역시 해운대구 재송2로74번길 31 8-109
2024-12-24 12:43:41,798 [ERROR] All retries failed for address: 부산광역시 남구 용호로269번길 29 102-1506
2024-12-24 12:43:41,843 [ERROR] All retries failed for address: 부산 해운대구 해운대로 361 105-502 센텀삼환아파트
2024-12-24 12:43:41,951 [ERROR] All retries failed for address: 부산광역시 강서구 명지오션시티6로 33 407-203
2024-12-24 12:43:41,952 [ERROR] All retries failed for address: 부산광역시 기장군 일광면 해빛5로 14 대성베르힐 102동 2502호
2024-12-24 12:43:41,997 [ERROR] All retries failed for address: 부산광역시 기장군 기장읍 기장대로 563 107-101
2024-12-24 12:43:42,020 [ERROR] All retries failed for address: 부산광역시 남구 분포로 145 D-3801
2024-12-24 12:43:42,070 [ERROR] All retries failed for address: 부산광역시 남구 분포로 113 224-1905
2024-12-24 12:43:42,120 [ERROR] All retries failed for address: 부산광역시 기장군 일광면 신평길 30-3 주택
2024-12-24 12:43:42,120 [ERROR] All retries failed for address: 부산광역시 기장군 기장읍 반송로 1606 B101
2024-12-24 12:43:42,170 [ERROR] All retries failed for address: 부산광역시 기장군 일광면 해빛5로 14 대성 103-2301
2024-12-24 12:43:42,220 [ERROR] All retries failed for address: 부산광역시 기장군 기장읍 반송로 1606 B101
2024-12-24 12:43:42,296 [ERROR] All retries failed for address: 부산광역시 기장군 기장읍 차성동로 21-1 로뎀빌라 404호
2024-12-24 12:43:42,321 [ERROR] All retries failed for address: 부산광역시 기장군 기장읍 연화길 62 주사랑 요양병원
2024-12-24 12:43:42,369 [ERROR] All retries failed for address: 부산광역시 기장군 철마면 백길길 15-4 안쪽 집
2024-12-24 12:43:42,420 [ERROR] All retries failed for address: 부산광역시 남구 신선로 566 309-2102
2024-12-24 12:43:42,420 [ERROR] All retries failed for address: 부산광역시 수영구 수영로545번길 13 303
2024-12-24 12:43:42,471 [ERROR] All retries failed for address: 부산광역시 동래구 쇠미로 95
2024-12-24 12:43:42,545 [ERROR] All retries failed for address: 부산광역시 기장군 기장읍 죽성로 197 연주주택
2024-12-24 12:43:42,546 [ERROR] All retries failed for address: 부산광역시 사상구 가야대로284번길 12 5동1109
2024-12-24 12:43:42,671 [ERROR] All retries failed for address: 부산 해운대구 달맞이길117번가길 191 302B 탑빌라
2024-12-24 12:43:42,702 [ERROR] All retries failed for address: 부산 해운대구 마린시티2로 33 102-4210
2024-12-24 12:43:42,785 [ERROR] All retries failed for address: 부산 사상구 백양대로934번길 52-6 101-2206
2024-12-24 12:43:42,786 [ERROR] All retries failed for address: 부산광역시 수영구 수영로545번가길 5 401
2024-12-24 12:43:42,864 [ERROR] All retries failed for address: 부산광역시 북구 만덕대로102번가길 44 좋은데이원룸 101호
2024-12-24 12:43:42,864 [ERROR] All retries failed for address: 부산광역시 동래구 복천로5번길 34 104-1305
2024-12-24 12:43:42,959 [ERROR] All retries failed for address: 부산광역시 동래구 쇠미로 95
2024-12-24 12:43:43,020 [ERROR] All retries failed for address: 부산광역시 기장군 철마면 강변길 20 해피케어 공동생활가정
2024-12-24 12:43:43,020 [ERROR] All retries failed for address: 부산광역시 기장군 기장읍 반송로 1606 B101
2024-12-24 12:43:43,067 [ERROR] All retries failed for address: 부산광역시 남구 고동골로97번길 19-4
2024-12-24 12:43:43,067 [ERROR] All retries failed for address: 부산광역시 수영구 광남로 55 4-201
2024-12-24 12:43:43,164 [ERROR] All retries failed for address: 부산광역시 동구 홍곡남로 6 동신탕 3층
2024-12-24 12:43:43,164 [ERROR] All retries failed for address: 부산광역시 수영구 광안해변로 100 312-808
2024-12-24 12:43:43,301 [ERROR] All retries failed for address: 부산광역시 기장군 일광면 이동1길 14-1 주택
2024-12-24 12:43:43,335 [ERROR] All retries failed for address: 부산광역시 기장군 기장읍 반송로 1606 지하1층 광명교회
2024-12-24 12:43:43,385 [ERROR] All retries failed for address: 부산광역시 수영구 남천서로13번길 13 404
2024-12-24 12:43:43,417 [ERROR] All retries failed for address: 부산광역시 기장군 철마면 강변길 20 해피케어 공동생활가정
2024-12-24 12:43:43,465 [ERROR] All retries failed for address: 부산광역시 수영구 호암로29번길 50 104-701
2024-12-24 12:43:43,529 [ERROR] All retries failed for address: 부산광역시 남구 고동골로 29 108-204
2024-12-24 12:43:43,530 [ERROR] All retries failed for address: 부산광역시 수영구 호암로29번길 50 103-1204
2024-12-24 12:43:43,604 [ERROR] All retries failed for address: 부산광역시 남구 분포로 145 B-6302
2024-12-24 12:43:43,605 [ERROR] All retries failed for address: 부산광역시 수영구 광남로 51 1-501호
2024-12-24 12:43:43,686 [ERROR] All retries failed for address: 부산광역시 부산진구 동평로 352 103-1204
2024-12-24 12:43:43,736 [ERROR] All retries failed for address: 부산광역시 부산진구 동평로 352 103-1204
2024-12-24 12:43:43,736 [ERROR] All retries failed for address: 부산 해운대구 센텀3로 26 3009 3009호
2024-12-24 12:43:43,844 [ERROR] All retries failed for address: 부산광역시 기장군 기장읍 원죽길 5-4 1
2024-12-24 12:43:43,891 [ERROR] All retries failed for address: 부산 해운대구 해운대로 601 b-2008 에이치스위트
2024-12-24 12:43:43,939 [ERROR] All retries failed for address: 부산광역시 남구 석포로 7 308
2024-12-24 13:18:41,645 [INFO] Loaded data file: ./202201/1/1.csv
2024-12-24 13:22:40,908 [ERROR] All retries failed for address: 부산광역시 연제구 고분로98번길 16 101-1405
2024-12-24 13:22:40,919 [ERROR] All retries failed for address: 부산광역시 남구 오륙도로 85 104-3305호
2024-12-24 13:22:41,023 [ERROR] All retries failed for address: 부산광역시 금정구 식물원로 64 113-1303호
2024-12-24 13:22:41,071 [ERROR] All retries failed for address: 부산광역시 기장군 철마면 강변길 20 해피케어 공동생활가정
2024-12-24 13:22:41,106 [ERROR] All retries failed for address: 부산광역시 사상구 강선로 17 14통 4반
2024-12-24 13:22:41,106 [ERROR] All retries failed for address: 부산광역시 해운대구 해운대로 435 110-1902
2024-12-24 13:22:41,248 [ERROR] All retries failed for address: 부산 금정구 부산대학로 10 105-802
2024-12-24 13:22:41,279 [ERROR] All retries failed for address: 부산 해운대구 중동2로34번길 15 103-4203 103-4203
2024-12-24 13:22:41,328 [ERROR] All retries failed for address: 부산광역시 사하구 다대로568번길 25
2024-12-24 13:22:41,389 [ERROR] All retries failed for address: 부산 해운대구 마린시티2로 38 1-2802 1동 2802호
2024-12-24 13:22:41,452 [ERROR] All retries failed for address: 부산광역시 해운대구 좌동순환로299번길 11 205-1904
2024-12-24 13:22:41,505 [ERROR] All retries failed for address: 부산 해운대구 대천로103번길 47 116-302 대림1차
2024-12-24 13:22:41,550 [ERROR] All retries failed for address: 부산 해운대구 좌동 경남선경아파트 109-1803
2024-12-24 13:22:41,644 [ERROR] All retries failed for address: 부산광역시 해운대구 대천로 187 현재 백병원 입원중
2024-12-24 13:22:41,644 [ERROR] All retries failed for address: 부산광역시 기장군 일광면 해빛5로 14 대성 103-2301
2024-12-24 13:22:41,707 [ERROR] All retries failed for address: 부산광역시 기장군 일광면 해빛5로 14 대성 103-2301
2024-12-24 13:22:41,785 [ERROR] All retries failed for address: 부산광역시 해운대구 재송2로74번길 31 8-109
2024-12-24 13:22:41,785 [ERROR] All retries failed for address: 부산광역시 남구 용호로269번길 29 102-501
2024-12-24 13:22:41,941 [ERROR] All retries failed for address: 부산 해운대구 해운대로 361 105-502 센텀삼환아파트
2024-12-24 13:22:41,942 [ERROR] All retries failed for address: 부산광역시 강서구 명지오션시티6로 33 407-203
2024-12-24 13:22:42,004 [ERROR] All retries failed for address: 부산광역시 남구 분포로 111 131-1206호
2024-12-24 13:22:42,046 [ERROR] All retries failed for address: 부산광역시 기장군 일광면 해빛5로 14 대성베르힐 102동 2502호
2024-12-24 13:22:42,102 [ERROR] All retries failed for address: 부산광역시 기장군 일광면 신평길 30-3 주택
2024-12-24 13:22:42,148 [ERROR] All retries failed for address: 부산광역시 남구 분포로 113 224-1905
2024-12-24 13:22:42,194 [ERROR] All retries failed for address: 부산광역시 기장군 기장읍 반송로 1606 B101
2024-12-24 13:22:42,194 [ERROR] All retries failed for address: 부산광역시 기장군 기장읍 반송로 1606 B101
2024-12-24 13:22:42,251 [ERROR] All retries failed for address: 부산광역시 동래구 쇠미로 95
2024-12-24 13:22:42,313 [ERROR] All retries failed for address: 부산광역시 남구 용호로269번길 29 102-1506
2024-12-24 13:22:42,358 [ERROR] All retries failed for address: 부산광역시 남구 분포로 145 D-3801
2024-12-24 13:22:42,404 [ERROR] All retries failed for address: 부산광역시 기장군 기장읍 기장대로 563 107-101
2024-12-24 13:22:42,435 [ERROR] All retries failed for address: 부산광역시 기장군 기장읍 차성동로 21-1 로뎀빌라 404호
2024-12-24 13:22:42,505 [ERROR] All retries failed for address: 부산광역시 기장군 일광면 해빛5로 14 대성 103-2301
2024-12-24 13:22:42,551 [ERROR] All retries failed for address: 부산광역시 기장군 철마면 백길길 15-4 안쪽 집
2024-12-24 13:22:42,634 [ERROR] All retries failed for address: 부산광역시 기장군 기장읍 연화길 62 주사랑 요양병원
2024-12-24 13:22:42,719 [ERROR] All retries failed for address: 부산 해운대구 달맞이길117번가길 191 302B 탑빌라
2024-12-24 13:22:42,811 [ERROR] All retries failed for address: 부산 해운대구 마린시티2로 33 102-4210
2024-12-24 13:22:42,811 [ERROR] All retries failed for address: 부산 사상구 백양대로934번길 52-6 101-2206
2024-12-24 13:22:42,873 [ERROR] All retries failed for address: 부산광역시 수영구 수영로545번길 13 303
2024-12-24 13:22:42,935 [ERROR] All retries failed for address: 부산광역시 남구 신선로 566 309-2102
2024-12-24 13:22:42,936 [ERROR] All retries failed for address: 부산광역시 기장군 기장읍 죽성로 197 연주주택
2024-12-24 13:22:43,012 [ERROR] All retries failed for address: 부산광역시 북구 만덕대로102번가길 44 좋은데이원룸 101호
2024-12-24 13:22:43,013 [ERROR] All retries failed for address: 부산광역시 사상구 가야대로284번길 12 5동1109
2024-12-24 13:22:43,055 [ERROR] All retries failed for address: 부산광역시 기장군 철마면 강변길 20 해피케어 공동생활가정
2024-12-24 13:22:43,055 [ERROR] All retries failed for address: 부산광역시 기장군 기장읍 반송로 1606 B101
2024-12-24 13:22:43,115 [ERROR] All retries failed for address: 부산광역시 동래구 쇠미로 95
2024-12-24 13:22:43,115 [ERROR] All retries failed for address: 부산광역시 수영구 수영로545번가길 5 401
2024-12-24 13:22:43,209 [ERROR] All retries failed for address: 부산광역시 동래구 복천로5번길 34 104-1305
2024-12-24 13:22:43,240 [ERROR] All retries failed for address: 부산광역시 남구 고동골로97번길 19-4
2024-12-24 13:22:43,240 [ERROR] All retries failed for address: 부산광역시 수영구 광남로 55 4-201
2024-12-24 13:22:43,302 [ERROR] All retries failed for address: 부산광역시 수영구 광안해변로 100 312-808
2024-12-24 13:22:43,302 [ERROR] All retries failed for address: 부산광역시 동구 홍곡남로 6 동신탕 3층
2024-12-24 13:22:43,381 [ERROR] All retries failed for address: 부산광역시 기장군 기장읍 반송로 1606 지하1층 광명교회
2024-12-24 13:22:43,428 [ERROR] All retries failed for address: 부산광역시 기장군 일광면 이동1길 14-1 주택
2024-12-24 13:22:43,474 [ERROR] All retries failed for address: 부산광역시 기장군 철마면 강변길 20 해피케어 공동생활가정
2024-12-24 13:22:43,536 [ERROR] All retries failed for address: 부산광역시 남구 고동골로 29 108-204
2024-12-24 13:22:43,536 [ERROR] All retries failed for address: 부산광역시 남구 분포로 145 B-6302
2024-12-24 13:22:43,641 [ERROR] All retries failed for address: 부산광역시 부산진구 동평로 352 103-1204
2024-12-24 13:22:43,641 [ERROR] All retries failed for address: 부산 해운대구 센텀3로 26 3009 3009호
2024-12-24 13:22:43,734 [ERROR] All retries failed for address: 부산광역시 부산진구 동평로 352 103-1204
2024-12-24 13:22:43,735 [ERROR] All retries failed for address: 부산광역시 기장군 기장읍 원죽길 5-4 1
2024-12-24 13:22:43,827 [ERROR] All retries failed for address: 부산광역시 남구 고동골로59번길 49
2024-12-24 13:22:43,859 [ERROR] All retries failed for address: 부산광역시 남구 고동골로59번길 49
2024-12-24 13:22:43,936 [ERROR] All retries failed for address: 부산광역시 수영구 남천서로13번길 13 404
2024-12-24 13:22:43,936 [ERROR] All retries failed for address: 부산광역시 수영구 호암로29번길 50 104-701
2024-12-24 13:22:44,003 [ERROR] All retries failed for address: 부산광역시 수영구 광남로 51 1-501호
2024-12-24 13:22:44,035 [ERROR] All retries failed for address: 부산광역시 수영구 호암로29번길 50 103-1204
2024-12-24 13:22:44,101 [ERROR] All retries failed for address: 부산광역시 남구 지게골로108번길 16
2024-12-24 13:22:44,138 [ERROR] All retries failed for address: 부산광역시 남구 석포로 7 308
2024-12-24 13:22:44,231 [ERROR] All retries failed for address: 부산광역시 사상구 백양대로433번길 9 7통 4반
2024-12-24 13:22:44,231 [ERROR] All retries failed for address: 부산 해운대구 해운대로 601 b-2008 에이치스위트
2024-12-24 13:22:44,333 [ERROR] All retries failed for address: 부산광역시 남구 오륙도로 85 102-301
2024-12-24 13:22:44,372 [ERROR] All retries failed for address: 부산광역시 남구 고동골로97번길 19-4
2024-12-24 13:22:44,402 [ERROR] All retries failed for address: 부산 부산진구 동평로 352 102-2105
2024-12-24 13:22:44,420 [ERROR] All retries failed for address: 부산광역시 기장군 철마면 강변길 20 해피케어 공동생활가정
2024-12-24 13:41:48,828 [INFO] Loaded data file: ./202201/1/1.csv
2024-12-24 13:45:45,980 [ERROR] All retries failed for address: 부산광역시 기장군 철마면 강변길 20 해피케어 공동생활가정
2024-12-24 13:45:46,015 [ERROR] All retries failed for address: 부산광역시 연제구 고분로98번길 16 101-1405
2024-12-24 13:45:46,120 [ERROR] All retries failed for address: 부산광역시 남구 오륙도로 85 104-3305호
2024-12-24 13:45:46,120 [ERROR] All retries failed for address: 부산광역시 사상구 강선로 17 14통 4반
2024-12-24 13:45:46,212 [ERROR] All retries failed for address: 부산광역시 해운대구 해운대로 435 110-1902
2024-12-24 13:45:46,212 [ERROR] All retries failed for address: 부산광역시 금정구 식물원로 64 113-1303호
2024-12-24 13:45:46,370 [ERROR] All retries failed for address: 부산 금정구 부산대학로 10 105-802
2024-12-24 13:45:46,370 [ERROR] All retries failed for address: 부산 해운대구 중동2로34번길 15 103-4203 103-4203
2024-12-24 13:45:46,432 [ERROR] All retries failed for address: 부산광역시 사하구 다대로568번길 25
2024-12-24 13:45:46,481 [ERROR] All retries failed for address: 부산광역시 해운대구 좌동순환로299번길 11 205-1904
2024-12-24 13:45:46,481 [ERROR] All retries failed for address: 부산 해운대구 마린시티2로 38 1-2802 1동 2802호
2024-12-24 13:45:46,630 [ERROR] All retries failed for address: 부산 해운대구 좌동 경남선경아파트 109-1803
2024-12-24 13:45:46,630 [ERROR] All retries failed for address: 부산 해운대구 대천로103번길 47 116-302 대림1차
2024-12-24 13:45:46,698 [ERROR] All retries failed for address: 부산광역시 기장군 일광면 해빛5로 14 대성 103-2301
2024-12-24 13:45:46,729 [ERROR] All retries failed for address: 부산광역시 해운대구 대천로 187 현재 백병원 입원중
2024-12-24 13:45:46,791 [ERROR] All retries failed for address: 부산광역시 기장군 일광면 해빛5로 14 대성 103-2301
2024-12-24 13:45:46,854 [ERROR] All retries failed for address: 부산광역시 남구 용호로269번길 29 102-501
2024-12-24 13:45:46,885 [ERROR] All retries failed for address: 부산광역시 해운대구 재송2로74번길 31 8-109
2024-12-24 13:45:47,001 [ERROR] All retries failed for address: 부산 해운대구 해운대로 361 105-502 센텀삼환아파트
2024-12-24 13:45:47,037 [ERROR] All retries failed for address: 부산광역시 강서구 명지오션시티6로 33 407-203
2024-12-24 13:45:47,135 [ERROR] All retries failed for address: 부산광역시 남구 분포로 111 131-1206호
2024-12-24 13:45:47,135 [ERROR] All retries failed for address: 부산광역시 기장군 일광면 해빛5로 14 대성베르힐 102동 2502호
2024-12-24 13:45:47,213 [ERROR] All retries failed for address: 부산광역시 남구 분포로 113 224-1905
2024-12-24 13:45:47,244 [ERROR] All retries failed for address: 부산광역시 기장군 일광면 신평길 30-3 주택
2024-12-24 13:45:47,303 [ERROR] All retries failed for address: 부산광역시 기장군 기장읍 반송로 1606 B101
2024-12-24 13:45:47,371 [ERROR] All retries failed for address: 부산광역시 기장군 기장읍 반송로 1606 B101
2024-12-24 13:45:47,406 [ERROR] All retries failed for address: 부산광역시 동래구 쇠미로 95
2024-12-24 13:45:47,406 [ERROR] All retries failed for address: 부산광역시 남구 용호로269번길 29 102-1506
2024-12-24 13:45:47,470 [ERROR] All retries failed for address: 부산광역시 기장군 기장읍 기장대로 563 107-101
2024-12-24 13:45:47,520 [ERROR] All retries failed for address: 부산광역시 남구 분포로 145 D-3801
2024-12-24 13:45:47,585 [ERROR] All retries failed for address: 부산광역시 기장군 일광면 해빛5로 14 대성 103-2301
2024-12-24 13:45:47,585 [ERROR] All retries failed for address: 부산광역시 기장군 기장읍 차성동로 21-1 로뎀빌라 404호
2024-12-24 13:45:47,692 [ERROR] All retries failed for address: 부산광역시 기장군 철마면 백길길 15-4 안쪽 집
2024-12-24 13:45:47,692 [ERROR] All retries failed for address: 부산광역시 기장군 기장읍 연화길 62 주사랑 요양병원
2024-12-24 13:45:47,833 [ERROR] All retries failed for address: 부산 해운대구 달맞이길117번가길 191 302B 탑빌라
2024-12-24 13:45:47,833 [ERROR] All retries failed for address: 부산 해운대구 마린시티2로 33 102-4210
2024-12-24 13:45:47,925 [ERROR] All retries failed for address: 부산광역시 수영구 수영로545번길 13 303
2024-12-24 13:45:47,956 [ERROR] All retries failed for address: 부산 사상구 백양대로934번길 52-6 101-2206
2024-12-24 13:45:48,018 [ERROR] All retries failed for address: 부산광역시 남구 신선로 566 309-2102
2024-12-24 13:45:48,018 [ERROR] All retries failed for address: 부산광역시 기장군 기장읍 죽성로 197 연주주택
2024-12-24 13:45:48,110 [ERROR] All retries failed for address: 부산광역시 북구 만덕대로102번가길 44 좋은데이원룸 101호
2024-12-24 13:45:48,111 [ERROR] All retries failed for address: 부산광역시 사상구 가야대로284번길 12 5동1109
2024-12-24 13:45:48,157 [ERROR] All retries failed for address: 부산광역시 기장군 기장읍 반송로 1606 B101
2024-12-24 13:45:48,188 [ERROR] All retries failed for address: 부산광역시 기장군 철마면 강변길 20 해피케어 공동생활가정
2024-12-24 13:45:48,244 [ERROR] All retries failed for address: 부산광역시 수영구 수영로545번가길 5 401
2024-12-24 13:45:48,352 [ERROR] All retries failed for address: 부산광역시 동래구 쇠미로 95
2024-12-24 13:45:48,352 [ERROR] All retries failed for address: 부산광역시 남구 고동골로97번길 19-4
2024-12-24 13:45:48,447 [ERROR] All retries failed for address: 부산광역시 동래구 복천로5번길 34 104-1305
2024-12-24 13:45:48,447 [ERROR] All retries failed for address: 부산광역시 수영구 광남로 55 4-201
2024-12-24 13:45:48,518 [ERROR] All retries failed for address: 부산광역시 동구 홍곡남로 6 동신탕 3층
2024-12-24 13:45:48,518 [ERROR] All retries failed for address: 부산광역시 수영구 광안해변로 100 312-808
2024-12-24 13:45:48,639 [ERROR] All retries failed for address: 부산광역시 기장군 기장읍 반송로 1606 지하1층 광명교회
2024-12-24 13:45:48,639 [ERROR] All retries failed for address: 부산광역시 기장군 일광면 이동1길 14-1 주택
2024-12-24 13:45:48,716 [ERROR] All retries failed for address: 부산광역시 기장군 철마면 강변길 20 해피케어 공동생활가정
2024-12-24 13:45:48,747 [ERROR] All retries failed for address: 부산광역시 남구 고동골로 29 108-204
2024-12-24 13:45:48,802 [ERROR] All retries failed for address: 부산광역시 남구 분포로 145 B-6302
2024-12-24 13:45:48,884 [ERROR] All retries failed for address: 부산 해운대구 센텀3로 26 3009 3009호
2024-12-24 13:45:48,884 [ERROR] All retries failed for address: 부산광역시 부산진구 동평로 352 103-1204
2024-12-24 13:45:48,946 [ERROR] All retries failed for address: 부산광역시 부산진구 동평로 352 103-1204
2024-12-24 13:45:49,001 [ERROR] All retries failed for address: 부산광역시 남구 고동골로59번길 49
2024-12-24 13:45:49,048 [ERROR] All retries failed for address: 부산광역시 기장군 기장읍 원죽길 5-4 1
2024-12-24 13:45:49,079 [ERROR] All retries failed for address: 부산광역시 남구 고동골로59번길 49
2024-12-24 13:45:49,079 [ERROR] All retries failed for address: 부산광역시 수영구 남천서로13번길 13 404
2024-12-24 13:45:49,141 [ERROR] All retries failed for address: 부산광역시 수영구 호암로29번길 50 103-1204
2024-12-24 13:45:49,141 [ERROR] All retries failed for address: 부산광역시 수영구 호암로29번길 50 104-701
2024-12-24 13:45:49,187 [ERROR] All retries failed for address: 부산광역시 남구 지게골로108번길 16
2024-12-24 13:45:49,237 [ERROR] All retries failed for address: 부산광역시 수영구 광남로 51 1-501호
2024-12-24 13:45:49,237 [ERROR] All retries failed for address: 부산광역시 사상구 백양대로433번길 9 7통 4반
2024-12-24 13:45:49,286 [ERROR] All retries failed for address: 부산광역시 남구 석포로 7 308
2024-12-24 13:45:49,395 [ERROR] All retries failed for address: 부산광역시 남구 오륙도로 85 102-301
2024-12-24 13:45:49,395 [ERROR] All retries failed for address: 부산 해운대구 해운대로 601 b-2008 에이치스위트
2024-12-24 13:45:49,501 [ERROR] All retries failed for address: 부산광역시 남구 고동골로97번길 19-4
2024-12-24 13:45:49,556 [ERROR] All retries failed for address: 부산광역시 기장군 철마면 강변길 20 해피케어 공동생활가정
2024-12-24 13:45:49,635 [ERROR] All retries failed for address: 부산 부산진구 동평로 352 102-2105
